#
# There is insufficient memory for the Java Runtime Environment to continue.
# Native memory allocation (malloc) failed to allocate 1122096 bytes for Chunk::new
# Possible reasons:
#   The system is out of physical RAM or swap space
#   The process is running with CompressedOops enabled, and the Java Heap may be blocking the growth of the native heap
# Possible solutions:
#   Reduce memory load on the system
#   Increase physical memory or swap space
#   Check if swap backing store is full
#   Decrease Java heap size (-Xmx/-Xms)
#   Decrease number of Java threads
#   Decrease Java thread stack sizes (-Xss)
#   Set larger code cache with -XX:ReservedCodeCacheSize=
#   JVM is running with Unscaled Compressed Oops mode in which the Java heap is
#     placed in the first 4GB address space. The Java Heap base address is the
#     maximum limit for the native heap growth. Please use -XX:HeapBaseMinAddress
#     to set the Java Heap base and to place the Java Heap above 4GB virtual address.
# This output file may be truncated or incomplete.
#
#  Out of Memory Error (arena.cpp:191), pid=15108, tid=24708
#
# JRE version: OpenJDK Runtime Environment Temurin-17.0.10+7 (17.0.10+7) (build 17.0.10+7)
# Java VM: OpenJDK 64-Bit Server VM Temurin-17.0.10+7 (17.0.10+7, mixed mode, tiered, compressed oops, compressed class ptrs, parallel gc, windows-amd64)
# No core dump will be written. Minidumps are not enabled by default on client versions of Windows
#

---------------  S U M M A R Y ------------

Command Line: --add-modules=ALL-SYSTEM --add-opens=java.base/java.util=ALL-UNNAMED --add-opens=java.base/java.lang=ALL-UNNAMED --add-opens=java.base/sun.nio.fs=ALL-UNNAMED -Declipse.application=org.eclipse.jdt.ls.core.id1 -Dosgi.bundles.defaultStartLevel=4 -Declipse.product=org.eclipse.jdt.ls.core.product -Djava.import.generatesMetadataFilesAtProjectRoot=false -DDetectVMInstallationsJob.disabled=true -Dfile.encoding=utf8 -XX:+UseParallelGC -XX:GCTimeRatio=4 -XX:AdaptiveSizePolicyWeight=90 -Dsun.zip.disableMemoryMapping=true -Xmx1G -Xms100m -Xlog:disable -javaagent:c:\Users\NGUYEN VAN TUAN\.vscode\extensions\redhat.java-1.28.1-win32-x64\lombok\lombok-1.18.31.jar -XX:+HeapDumpOnOutOfMemoryError -XX:HeapDumpPath=c:\Users\NGUYEN VAN TUAN\AppData\Roaming\Code\User\workspaceStorage\4b5897a0606a2f31151e3a4a2c6c4e0e\redhat.java -Daether.dependencyCollector.impl=bf c:\Users\NGUYEN VAN TUAN\.vscode\extensions\redhat.java-1.28.1-win32-x64\server\plugins\org.eclipse.equinox.launcher_1.6.700.v20231214-2017.jar -configuration c:\Users\NGUYEN VAN TUAN\AppData\Roaming\Code\User\globalStorage\redhat.java\1.28.1\config_win -data c:\Users\NGUYEN VAN TUAN\AppData\Roaming\Code\User\workspaceStorage\4b5897a0606a2f31151e3a4a2c6c4e0e\redhat.java\jdt_ws --stdio

Host: AMD Ryzen 7 4800H with Radeon Graphics         , 16 cores, 15G,  Windows 10 , 64 bit Build 19041 (10.0.19041.3636)
Time: Mon Mar  4 21:18:17 2024 SE Asia Standard Time elapsed time: 52.836122 seconds (0d 0h 0m 52s)

---------------  T H R E A D  ---------------

Current thread (0x000001bd85548f20):  JavaThread "C2 CompilerThread0" daemon [_thread_in_native, id=24708, stack(0x000000b750b00000,0x000000b750c00000)]


Current CompileTask:
C2:  52836 17432       4       org.eclipse.jdt.internal.compiler.lookup.BinaryTypeBinding::createMethod (1717 bytes)

Stack: [0x000000b750b00000,0x000000b750c00000]
Native frames: (J=compiled Java code, j=interpreted, Vv=VM code, C=native code)
V  [jvm.dll+0x67d2c9]
V  [jvm.dll+0x834afa]
V  [jvm.dll+0x8365be]
V  [jvm.dll+0x836c23]
V  [jvm.dll+0x2477ff]
V  [jvm.dll+0xac514]
V  [jvm.dll+0xacb5c]
V  [jvm.dll+0x2aed1f]
V  [jvm.dll+0x584b67]
V  [jvm.dll+0x2228a2]
V  [jvm.dll+0x21bb42]
V  [jvm.dll+0x219201]
V  [jvm.dll+0x1a502d]
V  [jvm.dll+0x2290de]
V  [jvm.dll+0x2272ac]
V  [jvm.dll+0x7e9bb7]
V  [jvm.dll+0x7e3fba]
V  [jvm.dll+0x67c1b5]
C  [ucrtbase.dll+0x21bb2]
C  [KERNEL32.DLL+0x17344]
C  [ntdll.dll+0x526b1]


---------------  P R O C E S S  ---------------

Threads class SMR info:
_java_thread_list=0x000001bd90da6630, length=51, elements={
0x000001bdea2538a0, 0x000001bdea30b050, 0x000001bdea30e4b0, 0x000001bd85575130,
0x000001bd85575cc0, 0x000001bd85576ff0, 0x000001bd85578060, 0x000001bd85548f20,
0x000001bd855498e0, 0x000001bd801fc390, 0x000001bd856157c0, 0x000001bd87467060,
0x000001bd87bc3310, 0x000001bd856fd1a0, 0x000001bd857441d0, 0x000001bd88136c50,
0x000001bd877a3380, 0x000001bd85621350, 0x000001bd856231b0, 0x000001bd856236c0,
0x000001bd85620420, 0x000001bd8561ff10, 0x000001bd85621d70, 0x000001bd89c76f70,
0x000001bd89c77480, 0x000001bd89c7d4b0, 0x000001bd89c7cfa0, 0x000001bd89c77ea0,
0x000001bd89c78dd0, 0x000001bd89c7c070, 0x000001bd89c7b650, 0x000001bd89c783b0,
0x000001bd89c7ac30, 0x000001bd89c7bb60, 0x000001bd89c76550, 0x000001bd89c7ca90,
0x000001bd89c7c580, 0x000001bd89c7d9c0, 0x000001bd85620e40, 0x000001bd85622790,
0x000001bd8c79bae0, 0x000001bd8c79b0c0, 0x000001bd8c79e360, 0x000001bd8c79e870,
0x000001bd8c7a1b10, 0x000001bd8c7a06d0, 0x000001bd8c79d430, 0x000001bd89fa21f0,
0x000001bd89fa3730, 0x000001bd89fa6c50, 0x000001bd89fa76f0
}

Java Threads: ( => current thread )
  0x000001bdea2538a0 JavaThread "main" [_thread_blocked, id=23072, stack(0x000000b750200000,0x000000b750300000)]
  0x000001bdea30b050 JavaThread "Reference Handler" daemon [_thread_blocked, id=17076, stack(0x000000b750500000,0x000000b750600000)]
  0x000001bdea30e4b0 JavaThread "Finalizer" daemon [_thread_blocked, id=25372, stack(0x000000b750600000,0x000000b750700000)]
  0x000001bd85575130 JavaThread "Signal Dispatcher" daemon [_thread_blocked, id=20784, stack(0x000000b750700000,0x000000b750800000)]
  0x000001bd85575cc0 JavaThread "Attach Listener" daemon [_thread_blocked, id=12764, stack(0x000000b750800000,0x000000b750900000)]
  0x000001bd85576ff0 JavaThread "Service Thread" daemon [_thread_blocked, id=20792, stack(0x000000b750900000,0x000000b750a00000)]
  0x000001bd85578060 JavaThread "Monitor Deflation Thread" daemon [_thread_blocked, id=8648, stack(0x000000b750a00000,0x000000b750b00000)]
=>0x000001bd85548f20 JavaThread "C2 CompilerThread0" daemon [_thread_in_native, id=24708, stack(0x000000b750b00000,0x000000b750c00000)]
  0x000001bd855498e0 JavaThread "C1 CompilerThread0" daemon [_thread_blocked, id=20888, stack(0x000000b750c00000,0x000000b750d00000)]
  0x000001bd801fc390 JavaThread "Sweeper thread" daemon [_thread_blocked, id=24152, stack(0x000000b750d00000,0x000000b750e00000)]
  0x000001bd856157c0 JavaThread "Common-Cleaner" daemon [_thread_blocked, id=19932, stack(0x000000b750e00000,0x000000b750f00000)]
  0x000001bd87467060 JavaThread "Notification Thread" daemon [_thread_blocked, id=24396, stack(0x000000b751300000,0x000000b751400000)]
  0x000001bd87bc3310 JavaThread "Active Thread: Equinox Container: 6a1ead54-cac6-463a-ae22-3dbde76c755f" [_thread_blocked, id=23928, stack(0x000000b751600000,0x000000b751700000)]
  0x000001bd856fd1a0 JavaThread "Framework Event Dispatcher: Equinox Container: 6a1ead54-cac6-463a-ae22-3dbde76c755f" daemon [_thread_blocked, id=7356, stack(0x000000b750f00000,0x000000b751000000)]
  0x000001bd857441d0 JavaThread "Start Level: Equinox Container: 6a1ead54-cac6-463a-ae22-3dbde76c755f" daemon [_thread_blocked, id=18652, stack(0x000000b751000000,0x000000b751100000)]
  0x000001bd88136c50 JavaThread "Bundle File Closer" daemon [_thread_blocked, id=9012, stack(0x000000b751d00000,0x000000b751e00000)]
  0x000001bd877a3380 JavaThread "SCR Component Actor" daemon [_thread_blocked, id=16248, stack(0x000000b751c00000,0x000000b751d00000)]
  0x000001bd85621350 JavaThread "Worker-JM" [_thread_blocked, id=19464, stack(0x000000b752500000,0x000000b752600000)]
  0x000001bd856231b0 JavaThread "Worker-0" [_thread_blocked, id=12948, stack(0x000000b752700000,0x000000b752800000)]
  0x000001bd856236c0 JavaThread "Worker-1" [_thread_blocked, id=10200, stack(0x000000b752800000,0x000000b752900000)]
  0x000001bd85620420 JavaThread "Java indexing" daemon [_thread_blocked, id=8608, stack(0x000000b752a00000,0x000000b752b00000)]
  0x000001bd8561ff10 JavaThread "JNA Cleaner" daemon [_thread_blocked, id=19692, stack(0x000000b752b00000,0x000000b752c00000)]
  0x000001bd85621d70 JavaThread "pool-2-thread-1" [_thread_blocked, id=7112, stack(0x000000b752c00000,0x000000b752d00000)]
  0x000001bd89c76f70 JavaThread "WorkspaceEventsHandler" [_thread_blocked, id=14504, stack(0x000000b752d00000,0x000000b752e00000)]
  0x000001bd89c77480 JavaThread "pool-1-thread-1" [_thread_in_native, id=928, stack(0x000000b752e00000,0x000000b752f00000)]
  0x000001bd89c7d4b0 JavaThread "Worker-2" [_thread_blocked, id=2012, stack(0x000000b752f00000,0x000000b753000000)]
  0x000001bd89c7cfa0 JavaThread "Worker-3" [_thread_blocked, id=15192, stack(0x000000b753000000,0x000000b753100000)]
  0x000001bd89c77ea0 JavaThread "Worker-4" [_thread_blocked, id=3708, stack(0x000000b753100000,0x000000b753200000)]
  0x000001bd89c78dd0 JavaThread "Worker-5" [_thread_blocked, id=9956, stack(0x000000b751e00000,0x000000b751f00000)]
  0x000001bd89c7c070 JavaThread "Worker-6" [_thread_blocked, id=8120, stack(0x000000b753300000,0x000000b753400000)]
  0x000001bd89c7b650 JavaThread "ForkJoinPool.commonPool-worker-1" daemon [_thread_blocked, id=19912, stack(0x000000b753400000,0x000000b753500000)]
  0x000001bd89c783b0 JavaThread "ForkJoinPool.commonPool-worker-2" daemon [_thread_blocked, id=3392, stack(0x000000b753500000,0x000000b753600000)]
  0x000001bd89c7ac30 JavaThread "ForkJoinPool.commonPool-worker-3" daemon [_thread_blocked, id=17248, stack(0x000000b753600000,0x000000b753700000)]
  0x000001bd89c7bb60 JavaThread "ForkJoinPool.commonPool-worker-4" daemon [_thread_in_native, id=1636, stack(0x000000b753700000,0x000000b753800000)]
  0x000001bd89c76550 JavaThread "ForkJoinPool.commonPool-worker-5" daemon [_thread_blocked, id=18804, stack(0x000000b753800000,0x000000b753900000)]
  0x000001bd89c7ca90 JavaThread "ForkJoinPool.commonPool-worker-6" daemon [_thread_blocked, id=7060, stack(0x000000b753900000,0x000000b753a00000)]
  0x000001bd89c7c580 JavaThread "ForkJoinPool.commonPool-worker-7" daemon [_thread_blocked, id=25128, stack(0x000000b753a00000,0x000000b753b00000)]
  0x000001bd89c7d9c0 JavaThread "ForkJoinPool.commonPool-worker-8" daemon [_thread_blocked, id=23212, stack(0x000000b753b00000,0x000000b753c00000)]
  0x000001bd85620e40 JavaThread "ForkJoinPool.commonPool-worker-9" daemon [_thread_blocked, id=7660, stack(0x000000b753c00000,0x000000b753d00000)]
  0x000001bd85622790 JavaThread "ForkJoinPool.commonPool-worker-10" daemon [_thread_blocked, id=12196, stack(0x000000b753d00000,0x000000b753e00000)]
  0x000001bd8c79bae0 JavaThread "ForkJoinPool.commonPool-worker-11" daemon [_thread_blocked, id=14876, stack(0x000000b753e00000,0x000000b753f00000)]
  0x000001bd8c79b0c0 JavaThread "ForkJoinPool.commonPool-worker-12" daemon [_thread_blocked, id=1800, stack(0x000000b753f00000,0x000000b754000000)]
  0x000001bd8c79e360 JavaThread "ForkJoinPool.commonPool-worker-13" daemon [_thread_blocked, id=23716, stack(0x000000b754000000,0x000000b754100000)]
  0x000001bd8c79e870 JavaThread "ForkJoinPool.commonPool-worker-14" daemon [_thread_blocked, id=7904, stack(0x000000b754100000,0x000000b754200000)]
  0x000001bd8c7a1b10 JavaThread "Worker-7" [_thread_blocked, id=13816, stack(0x000000b754200000,0x000000b754300000)]
  0x000001bd8c7a06d0 JavaThread "Worker-8" [_thread_blocked, id=6324, stack(0x000000b754300000,0x000000b754400000)]
  0x000001bd8c79d430 JavaThread "ForkJoinPool.commonPool-worker-15" daemon [_thread_blocked, id=7056, stack(0x000000b754400000,0x000000b754500000)]
  0x000001bd89fa21f0 JavaThread "C1 CompilerThread1" daemon [_thread_blocked, id=1908, stack(0x000000b752100000,0x000000b752200000)]
  0x000001bd89fa3730 JavaThread "C1 CompilerThread2" daemon [_thread_blocked, id=20572, stack(0x000000b754500000,0x000000b754600000)]
  0x000001bd89fa6c50 JavaThread "C1 CompilerThread3" daemon [_thread_blocked, id=10192, stack(0x000000b754600000,0x000000b754700000)]
  0x000001bd89fa76f0 JavaThread "C2 CompilerThread1" daemon [_thread_in_native, id=3376, stack(0x000000b752200000,0x000000b752300000)]

Other Threads:
  0x000001bd801f8030 VMThread "VM Thread" [stack: 0x000000b750400000,0x000000b750500000] [id=19612]
  0x000001bd874b47e0 WatcherThread [stack: 0x000000b751400000,0x000000b751500000] [id=8948]
  0x000001bdea260ce0 GCTaskThread "GC Thread#0" [stack: 0x000000b750300000,0x000000b750400000] [id=3032]
  0x000001bd87bcae00 GCTaskThread "GC Thread#1" [stack: 0x000000b751700000,0x000000b751800000] [id=23624]
  0x000001bd87bcb2d0 GCTaskThread "GC Thread#2" [stack: 0x000000b751800000,0x000000b751900000] [id=16212]
  0x000001bd87bcb590 GCTaskThread "GC Thread#3" [stack: 0x000000b751900000,0x000000b751a00000] [id=25216]
  0x000001bd87f97ad0 GCTaskThread "GC Thread#4" [stack: 0x000000b751a00000,0x000000b751b00000] [id=25476]
  0x000001bd87f97d90 GCTaskThread "GC Thread#5" [stack: 0x000000b751b00000,0x000000b751c00000] [id=13380]
  0x000001bd87ec4ff0 GCTaskThread "GC Thread#6" [stack: 0x000000b751100000,0x000000b751200000] [id=14944]
  0x000001bd87ec52b0 GCTaskThread "GC Thread#7" [stack: 0x000000b751200000,0x000000b751300000] [id=15260]
  0x000001bd8782f1d0 GCTaskThread "GC Thread#8" [stack: 0x000000b751500000,0x000000b751600000] [id=3940]
  0x000001bd87beb030 GCTaskThread "GC Thread#9" [stack: 0x000000b752300000,0x000000b752400000] [id=11988]
  0x000001bd87beb2f0 GCTaskThread "GC Thread#10" [stack: 0x000000b752400000,0x000000b752500000] [id=14036]
  0x000001bd878d7960 GCTaskThread "GC Thread#11" [stack: 0x000000b752600000,0x000000b752700000] [id=19280]
  0x000001bd8829da10 GCTaskThread "GC Thread#12" [stack: 0x000000b752900000,0x000000b752a00000] [id=21956]

Threads with active compile tasks:
C2 CompilerThread0    52864 17432       4       org.eclipse.jdt.internal.compiler.lookup.BinaryTypeBinding::createMethod (1717 bytes)
C2 CompilerThread1    52864 17428       4       org.eclipse.jdt.internal.compiler.lookup.SplitPackageBinding::getPackage0 (92 bytes)

VM state: not at safepoint (normal execution)

VM Mutex/Monitor currently owned by a thread: None

Heap address: 0x00000000c0000000, size: 1024 MB, Compressed Oops mode: 32-bit

CDS archive(s) not mapped
Compressed class space mapped at: 0x0000000100000000-0x0000000140000000, reserved size: 1073741824
Narrow klass base: 0x0000000000000000, Narrow klass shift: 3, Narrow klass range: 0x140000000

GC Precious Log:
 CPUs: 16 total, 16 available
 Memory: 15741M
 Large Page Support: Disabled
 NUMA Support: Disabled
 Compressed Oops: Enabled (32-bit)
 Alignments: Space 512K, Generation 512K, Heap 2M
 Heap Min Capacity: 100M
 Heap Initial Capacity: 100M
 Heap Max Capacity: 1G
 Pre-touch: Disabled
 Parallel Workers: 13

Heap:
 PSYoungGen      total 62464K, used 60154K [0x00000000eab00000, 0x00000000ef780000, 0x0000000100000000)
  eden space 51200K, 96% used [0x00000000eab00000,0x00000000edb046f0,0x00000000edd00000)
  from space 11264K, 97% used [0x00000000eec80000,0x00000000ef73a258,0x00000000ef780000)
  to   space 12288K, 0% used [0x00000000edf80000,0x00000000edf80000,0x00000000eeb80000)
 ParOldGen       total 254464K, used 215950K [0x00000000c0000000, 0x00000000cf880000, 0x00000000eab00000)
  object space 254464K, 84% used [0x00000000c0000000,0x00000000cd2e38e0,0x00000000cf880000)
 Metaspace       used 80335K, committed 81792K, reserved 1179648K
  class space    used 8120K, committed 8768K, reserved 1048576K

Card table byte_map: [0x000001bdfd8d0000,0x000001bdfdae0000] _byte_map_base: 0x000001bdfd2d0000

Marking Bits: (ParMarkBitMap*) 0x00007ffe6787d7d0
 Begin Bits: [0x000001bdfdc40000, 0x000001bdfec40000)
 End Bits:   [0x000001bdfec40000, 0x000001bdffc40000)

Polling page: 0x000001bdea090000

Metaspace:

Usage:
  Non-class:     70.52 MB used.
      Class:      7.93 MB used.
       Both:     78.45 MB used.

Virtual space:
  Non-class space:      128.00 MB reserved,      71.31 MB ( 56%) committed,  2 nodes.
      Class space:        1.00 GB reserved,       8.56 MB ( <1%) committed,  1 nodes.
             Both:        1.12 GB reserved,      79.88 MB (  7%) committed. 

Chunk freelists:
   Non-Class:  8.29 MB
       Class:  7.42 MB
        Both:  15.71 MB

MaxMetaspaceSize: unlimited
CompressedClassSpaceSize: 1.00 GB
Initial GC threshold: 21.00 MB
Current GC threshold: 123.75 MB
CDS: off
MetaspaceReclaimPolicy: balanced
 - commit_granule_bytes: 65536.
 - commit_granule_words: 8192.
 - virtual_space_node_default_size: 8388608.
 - enlarge_chunks_in_place: 1.
 - new_chunks_are_fully_committed: 0.
 - uncommit_free_chunks: 1.
 - use_allocation_guard: 0.
 - handle_deallocations: 1.


Internal statistics:

num_allocs_failed_limit: 6.
num_arena_births: 1032.
num_arena_deaths: 28.
num_vsnodes_births: 3.
num_vsnodes_deaths: 0.
num_space_committed: 1278.
num_space_uncommitted: 0.
num_chunks_returned_to_freelist: 40.
num_chunks_taken_from_freelist: 4604.
num_chunk_merges: 12.
num_chunk_splits: 2749.
num_chunks_enlarged: 1485.
num_inconsistent_stats: 0.

CodeHeap 'non-profiled nmethods': size=119168Kb used=8906Kb max_used=8906Kb free=110262Kb
 bounds [0x000001bdf6290000, 0x000001bdf6b50000, 0x000001bdfd6f0000]
CodeHeap 'profiled nmethods': size=119104Kb used=28634Kb max_used=28985Kb free=90469Kb
 bounds [0x000001bdee6f0000, 0x000001bdf0340000, 0x000001bdf5b40000]
CodeHeap 'non-nmethods': size=7488Kb used=3065Kb max_used=3157Kb free=4422Kb
 bounds [0x000001bdf5b40000, 0x000001bdf5e70000, 0x000001bdf6290000]
 total_blobs=14586 nmethods=13862 adapters=632
 compilation: enabled
              stopped_count=0, restarted_count=0
 full_count=0

Compilation events (20 events):
Event: 52.607 Thread 0x000001bd855498e0 17434       1       sun.util.calendar.BaseCalendar$Date::getCachedJan1 (5 bytes)
Event: 52.607 Thread 0x000001bd855498e0 nmethod 17434 0x000001bdf6a3bc90 code [0x000001bdf6a3be20, 0x000001bdf6a3bef8]
Event: 52.613 Thread 0x000001bd85548f20 nmethod 17385 0x000001bdf6a38d90 code [0x000001bdf6a39020, 0x000001bdf6a3acf0]
Event: 52.614 Thread 0x000001bd85548f20 17432       4       org.eclipse.jdt.internal.compiler.lookup.BinaryTypeBinding::createMethod (1717 bytes)
Event: 52.686 Thread 0x000001bd89fa76f0 nmethod 17386 0x000001bdf69a5c10 code [0x000001bdf69a60e0, 0x000001bdf69a8d60]
Event: 52.686 Thread 0x000001bd89fa76f0 17402       4       org.eclipse.jdt.internal.compiler.util.SimpleLookupTable::get (59 bytes)
Event: 52.690 Thread 0x000001bd89fa76f0 nmethod 17402 0x000001bdf6888310 code [0x000001bdf68884a0, 0x000001bdf6888738]
Event: 52.690 Thread 0x000001bd89fa76f0 17426       4       org.eclipse.jdt.internal.compiler.lookup.PackageBinding::clearMissingTagBit (24 bytes)
Event: 52.691 Thread 0x000001bd89fa76f0 nmethod 17426 0x000001bdf69a5890 code [0x000001bdf69a5a00, 0x000001bdf69a5ab8]
Event: 52.691 Thread 0x000001bd89fa76f0 17421       4       java.util.Spliterators$ArraySpliterator::forEachRemaining (68 bytes)
Event: 52.693 Thread 0x000001bd89fa76f0 nmethod 17421 0x000001bdf6887d90 code [0x000001bdf6887f20, 0x000001bdf68880f8]
Event: 52.693 Thread 0x000001bd89fa76f0 17404       4       org.eclipse.jdt.internal.compiler.lookup.AnnotationHolder::storeAnnotations (94 bytes)
Event: 52.698 Thread 0x000001bd89fa76f0 nmethod 17404 0x000001bdf6887590 code [0x000001bdf6887740, 0x000001bdf6887ab8]
Event: 52.699 Thread 0x000001bd89fa76f0 17406       4       org.eclipse.jdt.internal.compiler.util.Util::effectivelyEqual (73 bytes)
Event: 52.700 Thread 0x000001bd89fa76f0 nmethod 17406 0x000001bdf6a38a10 code [0x000001bdf6a38b80, 0x000001bdf6a38c78]
Event: 52.700 Thread 0x000001bd89fa76f0 17408       4       org.eclipse.jdt.internal.compiler.lookup.TypeSystem$HashedParameterizedTypes$PTBKey::<init> (117 bytes)
Event: 52.712 Thread 0x000001bd89fa76f0 nmethod 17408 0x000001bdf6886490 code [0x000001bdf6886660, 0x000001bdf6887058]
Event: 52.712 Thread 0x000001bd89fa76f0 17413       4       org.eclipse.jdt.internal.compiler.lookup.ReferenceBinding::isOrEnclosedByPrivateType (36 bytes)
Event: 52.713 Thread 0x000001bd89fa76f0 nmethod 17413 0x000001bdf6886110 code [0x000001bdf68862a0, 0x000001bdf6886378]
Event: 52.714 Thread 0x000001bd89fa76f0 17428       4       org.eclipse.jdt.internal.compiler.lookup.SplitPackageBinding::getPackage0 (92 bytes)

GC Heap History (20 events):
Event: 19.747 GC heap before
{Heap before GC invocations=221 (full 13):
 PSYoungGen      total 67072K, used 10514K [0x00000000eab00000, 0x00000000efd00000, 0x0000000100000000)
  eden space 56320K, 0% used [0x00000000eab00000,0x00000000eab00000,0x00000000ee200000)
  from space 10752K, 97% used [0x00000000ef280000,0x00000000efcc4830,0x00000000efd00000)
  to   space 12800K, 0% used [0x00000000ee400000,0x00000000ee400000,0x00000000ef080000)
 ParOldGen       total 310272K, used 309071K [0x00000000c0000000, 0x00000000d2f00000, 0x00000000eab00000)
  object space 310272K, 99% used [0x00000000c0000000,0x00000000d2dd3ff8,0x00000000d2f00000)
 Metaspace       used 74632K, committed 76032K, reserved 1179648K
  class space    used 7771K, committed 8384K, reserved 1048576K
}
Event: 19.845 GC heap after
{Heap after GC invocations=221 (full 13):
 PSYoungGen      total 71168K, used 0K [0x00000000eab00000, 0x00000000efd00000, 0x0000000100000000)
  eden space 58368K, 0% used [0x00000000eab00000,0x00000000eab00000,0x00000000ee400000)
  from space 12800K, 0% used [0x00000000ee400000,0x00000000ee400000,0x00000000ef080000)
  to   space 12800K, 0% used [0x00000000ef080000,0x00000000ef080000,0x00000000efd00000)
 ParOldGen       total 254464K, used 197808K [0x00000000c0000000, 0x00000000cf880000, 0x00000000eab00000)
  object space 254464K, 77% used [0x00000000c0000000,0x00000000cc12c2e0,0x00000000cf880000)
 Metaspace       used 74627K, committed 76032K, reserved 1179648K
  class space    used 7770K, committed 8384K, reserved 1048576K
}
Event: 20.294 GC heap before
{Heap before GC invocations=222 (full 13):
 PSYoungGen      total 71168K, used 58368K [0x00000000eab00000, 0x00000000efd00000, 0x0000000100000000)
  eden space 58368K, 100% used [0x00000000eab00000,0x00000000ee400000,0x00000000ee400000)
  from space 12800K, 0% used [0x00000000ee400000,0x00000000ee400000,0x00000000ef080000)
  to   space 12800K, 0% used [0x00000000ef080000,0x00000000ef080000,0x00000000efd00000)
 ParOldGen       total 254464K, used 197808K [0x00000000c0000000, 0x00000000cf880000, 0x00000000eab00000)
  object space 254464K, 77% used [0x00000000c0000000,0x00000000cc12c2e0,0x00000000cf880000)
 Metaspace       used 75173K, committed 76608K, reserved 1179648K
  class space    used 7789K, committed 8448K, reserved 1048576K
}
Event: 20.297 GC heap after
{Heap after GC invocations=222 (full 13):
 PSYoungGen      total 62976K, used 2560K [0x00000000eab00000, 0x00000000ef380000, 0x0000000100000000)
  eden space 59904K, 0% used [0x00000000eab00000,0x00000000eab00000,0x00000000ee580000)
  from space 3072K, 83% used [0x00000000ef080000,0x00000000ef300020,0x00000000ef380000)
  to   space 6144K, 0% used [0x00000000ee780000,0x00000000ee780000,0x00000000eed80000)
 ParOldGen       total 254464K, used 197816K [0x00000000c0000000, 0x00000000cf880000, 0x00000000eab00000)
  object space 254464K, 77% used [0x00000000c0000000,0x00000000cc12e2e0,0x00000000cf880000)
 Metaspace       used 75173K, committed 76608K, reserved 1179648K
  class space    used 7789K, committed 8448K, reserved 1048576K
}
Event: 20.639 GC heap before
{Heap before GC invocations=223 (full 13):
 PSYoungGen      total 62976K, used 62464K [0x00000000eab00000, 0x00000000ef380000, 0x0000000100000000)
  eden space 59904K, 100% used [0x00000000eab00000,0x00000000ee580000,0x00000000ee580000)
  from space 3072K, 83% used [0x00000000ef080000,0x00000000ef300020,0x00000000ef380000)
  to   space 6144K, 0% used [0x00000000ee780000,0x00000000ee780000,0x00000000eed80000)
 ParOldGen       total 254464K, used 197816K [0x00000000c0000000, 0x00000000cf880000, 0x00000000eab00000)
  object space 254464K, 77% used [0x00000000c0000000,0x00000000cc12e2e0,0x00000000cf880000)
 Metaspace       used 75529K, committed 76992K, reserved 1179648K
  class space    used 7813K, committed 8448K, reserved 1048576K
}
Event: 20.641 GC heap after
{Heap after GC invocations=223 (full 13):
 PSYoungGen      total 65024K, used 3426K [0x00000000eab00000, 0x00000000ef100000, 0x0000000100000000)
  eden space 61440K, 0% used [0x00000000eab00000,0x00000000eab00000,0x00000000ee700000)
  from space 3584K, 95% used [0x00000000ee780000,0x00000000eead8820,0x00000000eeb00000)
  to   space 4096K, 0% used [0x00000000eed00000,0x00000000eed00000,0x00000000ef100000)
 ParOldGen       total 254464K, used 197824K [0x00000000c0000000, 0x00000000cf880000, 0x00000000eab00000)
  object space 254464K, 77% used [0x00000000c0000000,0x00000000cc1302e0,0x00000000cf880000)
 Metaspace       used 75529K, committed 76992K, reserved 1179648K
  class space    used 7813K, committed 8448K, reserved 1048576K
}
Event: 21.584 GC heap before
{Heap before GC invocations=224 (full 13):
 PSYoungGen      total 65024K, used 64866K [0x00000000eab00000, 0x00000000ef100000, 0x0000000100000000)
  eden space 61440K, 100% used [0x00000000eab00000,0x00000000ee700000,0x00000000ee700000)
  from space 3584K, 95% used [0x00000000ee780000,0x00000000eead8820,0x00000000eeb00000)
  to   space 4096K, 0% used [0x00000000eed00000,0x00000000eed00000,0x00000000ef100000)
 ParOldGen       total 254464K, used 197824K [0x00000000c0000000, 0x00000000cf880000, 0x00000000eab00000)
  object space 254464K, 77% used [0x00000000c0000000,0x00000000cc1302e0,0x00000000cf880000)
 Metaspace       used 75783K, committed 77184K, reserved 1179648K
  class space    used 7842K, committed 8448K, reserved 1048576K
}
Event: 21.585 GC heap after
{Heap after GC invocations=224 (full 13):
 PSYoungGen      total 66048K, used 3425K [0x00000000eab00000, 0x00000000ef080000, 0x0000000100000000)
  eden space 62464K, 0% used [0x00000000eab00000,0x00000000eab00000,0x00000000ee800000)
  from space 3584K, 95% used [0x00000000eed00000,0x00000000ef058778,0x00000000ef080000)
  to   space 3584K, 0% used [0x00000000ee980000,0x00000000ee980000,0x00000000eed00000)
 ParOldGen       total 254464K, used 197832K [0x00000000c0000000, 0x00000000cf880000, 0x00000000eab00000)
  object space 254464K, 77% used [0x00000000c0000000,0x00000000cc1322e0,0x00000000cf880000)
 Metaspace       used 75783K, committed 77184K, reserved 1179648K
  class space    used 7842K, committed 8448K, reserved 1048576K
}
Event: 21.812 GC heap before
{Heap before GC invocations=225 (full 13):
 PSYoungGen      total 66048K, used 65889K [0x00000000eab00000, 0x00000000ef080000, 0x0000000100000000)
  eden space 62464K, 100% used [0x00000000eab00000,0x00000000ee800000,0x00000000ee800000)
  from space 3584K, 95% used [0x00000000eed00000,0x00000000ef058778,0x00000000ef080000)
  to   space 3584K, 0% used [0x00000000ee980000,0x00000000ee980000,0x00000000eed00000)
 ParOldGen       total 254464K, used 197832K [0x00000000c0000000, 0x00000000cf880000, 0x00000000eab00000)
  object space 254464K, 77% used [0x00000000c0000000,0x00000000cc1322e0,0x00000000cf880000)
 Metaspace       used 76080K, committed 77504K, reserved 1179648K
  class space    used 7869K, committed 8512K, reserved 1048576K
}
Event: 21.816 GC heap after
{Heap after GC invocations=225 (full 13):
 PSYoungGen      total 67584K, used 3574K [0x00000000eab00000, 0x00000000efe80000, 0x0000000100000000)
  eden space 64000K, 0% used [0x00000000eab00000,0x00000000eab00000,0x00000000ee980000)
  from space 3584K, 99% used [0x00000000ee980000,0x00000000eecfd960,0x00000000eed00000)
  to   space 10752K, 0% used [0x00000000ef400000,0x00000000ef400000,0x00000000efe80000)
 ParOldGen       total 254464K, used 203934K [0x00000000c0000000, 0x00000000cf880000, 0x00000000eab00000)
  object space 254464K, 80% used [0x00000000c0000000,0x00000000cc727a28,0x00000000cf880000)
 Metaspace       used 76080K, committed 77504K, reserved 1179648K
  class space    used 7869K, committed 8512K, reserved 1048576K
}
Event: 22.146 GC heap before
{Heap before GC invocations=226 (full 13):
 PSYoungGen      total 67584K, used 67574K [0x00000000eab00000, 0x00000000efe80000, 0x0000000100000000)
  eden space 64000K, 100% used [0x00000000eab00000,0x00000000ee980000,0x00000000ee980000)
  from space 3584K, 99% used [0x00000000ee980000,0x00000000eecfd960,0x00000000eed00000)
  to   space 10752K, 0% used [0x00000000ef400000,0x00000000ef400000,0x00000000efe80000)
 ParOldGen       total 254464K, used 203934K [0x00000000c0000000, 0x00000000cf880000, 0x00000000eab00000)
  object space 254464K, 80% used [0x00000000c0000000,0x00000000cc727a28,0x00000000cf880000)
 Metaspace       used 76511K, committed 77952K, reserved 1179648K
  class space    used 7885K, committed 8512K, reserved 1048576K
}
Event: 22.151 GC heap after
{Heap after GC invocations=226 (full 13):
 PSYoungGen      total 74752K, used 9186K [0x00000000eab00000, 0x00000000efd80000, 0x0000000100000000)
  eden space 65024K, 0% used [0x00000000eab00000,0x00000000eab00000,0x00000000eea80000)
  from space 9728K, 94% used [0x00000000ef400000,0x00000000efcf8ba8,0x00000000efd80000)
  to   space 9728K, 0% used [0x00000000eea80000,0x00000000eea80000,0x00000000ef400000)
 ParOldGen       total 254464K, used 203942K [0x00000000c0000000, 0x00000000cf880000, 0x00000000eab00000)
  object space 254464K, 80% used [0x00000000c0000000,0x00000000cc729a28,0x00000000cf880000)
 Metaspace       used 76511K, committed 77952K, reserved 1179648K
  class space    used 7885K, committed 8512K, reserved 1048576K
}
Event: 49.349 GC heap before
{Heap before GC invocations=227 (full 13):
 PSYoungGen      total 74752K, used 74184K [0x00000000eab00000, 0x00000000efd80000, 0x0000000100000000)
  eden space 65024K, 99% used [0x00000000eab00000,0x00000000eea79738,0x00000000eea80000)
  from space 9728K, 94% used [0x00000000ef400000,0x00000000efcf8ba8,0x00000000efd80000)
  to   space 9728K, 0% used [0x00000000eea80000,0x00000000eea80000,0x00000000ef400000)
 ParOldGen       total 254464K, used 203942K [0x00000000c0000000, 0x00000000cf880000, 0x00000000eab00000)
  object space 254464K, 80% used [0x00000000c0000000,0x00000000cc729a28,0x00000000cf880000)
 Metaspace       used 77129K, committed 78528K, reserved 1179648K
  class space    used 7942K, committed 8576K, reserved 1048576K
}
Event: 49.352 GC heap after
{Heap after GC invocations=227 (full 13):
 PSYoungGen      total 71680K, used 7838K [0x00000000eab00000, 0x00000000efa00000, 0x0000000100000000)
  eden space 63488K, 0% used [0x00000000eab00000,0x00000000eab00000,0x00000000ee900000)
  from space 8192K, 95% used [0x00000000eea80000,0x00000000ef227b58,0x00000000ef280000)
  to   space 7680K, 0% used [0x00000000ef280000,0x00000000ef280000,0x00000000efa00000)
 ParOldGen       total 254464K, used 203950K [0x00000000c0000000, 0x00000000cf880000, 0x00000000eab00000)
  object space 254464K, 80% used [0x00000000c0000000,0x00000000cc72ba28,0x00000000cf880000)
 Metaspace       used 77129K, committed 78528K, reserved 1179648K
  class space    used 7942K, committed 8576K, reserved 1048576K
}
Event: 49.877 GC heap before
{Heap before GC invocations=228 (full 13):
 PSYoungGen      total 71680K, used 71300K [0x00000000eab00000, 0x00000000efa00000, 0x0000000100000000)
  eden space 63488K, 99% used [0x00000000eab00000,0x00000000ee8f95c8,0x00000000ee900000)
  from space 8192K, 95% used [0x00000000eea80000,0x00000000ef227b58,0x00000000ef280000)
  to   space 7680K, 0% used [0x00000000ef280000,0x00000000ef280000,0x00000000efa00000)
 ParOldGen       total 254464K, used 203950K [0x00000000c0000000, 0x00000000cf880000, 0x00000000eab00000)
  object space 254464K, 80% used [0x00000000c0000000,0x00000000cc72ba28,0x00000000cf880000)
 Metaspace       used 77895K, committed 79296K, reserved 1179648K
  class space    used 8007K, committed 8640K, reserved 1048576K
}
Event: 49.884 GC heap after
{Heap after GC invocations=228 (full 13):
 PSYoungGen      total 60928K, used 7669K [0x00000000eab00000, 0x00000000f0e80000, 0x0000000100000000)
  eden space 53248K, 0% used [0x00000000eab00000,0x00000000eab00000,0x00000000edf00000)
  from space 7680K, 99% used [0x00000000ef280000,0x00000000ef9fd720,0x00000000efa00000)
  to   space 19968K, 0% used [0x00000000edf00000,0x00000000edf00000,0x00000000ef280000)
 ParOldGen       total 254464K, used 214193K [0x00000000c0000000, 0x00000000cf880000, 0x00000000eab00000)
  object space 254464K, 84% used [0x00000000c0000000,0x00000000cd12c728,0x00000000cf880000)
 Metaspace       used 77895K, committed 79296K, reserved 1179648K
  class space    used 8007K, committed 8640K, reserved 1048576K
}
Event: 50.466 GC heap before
{Heap before GC invocations=229 (full 13):
 PSYoungGen      total 60928K, used 60917K [0x00000000eab00000, 0x00000000f0e80000, 0x0000000100000000)
  eden space 53248K, 100% used [0x00000000eab00000,0x00000000edf00000,0x00000000edf00000)
  from space 7680K, 99% used [0x00000000ef280000,0x00000000ef9fd720,0x00000000efa00000)
  to   space 19968K, 0% used [0x00000000edf00000,0x00000000edf00000,0x00000000ef280000)
 ParOldGen       total 254464K, used 214193K [0x00000000c0000000, 0x00000000cf880000, 0x00000000eab00000)
  object space 254464K, 84% used [0x00000000c0000000,0x00000000cd12c728,0x00000000cf880000)
 Metaspace       used 79316K, committed 80768K, reserved 1179648K
  class space    used 8058K, committed 8704K, reserved 1048576K
}
Event: 50.473 GC heap after
{Heap after GC invocations=229 (full 13):
 PSYoungGen      total 65024K, used 12477K [0x00000000eab00000, 0x00000000efb00000, 0x0000000100000000)
  eden space 52224K, 0% used [0x00000000eab00000,0x00000000eab00000,0x00000000ede00000)
  from space 12800K, 97% used [0x00000000edf00000,0x00000000eeb2f610,0x00000000eeb80000)
  to   space 14848K, 0% used [0x00000000eec80000,0x00000000eec80000,0x00000000efb00000)
 ParOldGen       total 254464K, used 215942K [0x00000000c0000000, 0x00000000cf880000, 0x00000000eab00000)
  object space 254464K, 84% used [0x00000000c0000000,0x00000000cd2e18e0,0x00000000cf880000)
 Metaspace       used 79316K, committed 80768K, reserved 1179648K
  class space    used 8058K, committed 8704K, reserved 1048576K
}
Event: 50.917 GC heap before
{Heap before GC invocations=230 (full 13):
 PSYoungGen      total 65024K, used 64701K [0x00000000eab00000, 0x00000000efb00000, 0x0000000100000000)
  eden space 52224K, 100% used [0x00000000eab00000,0x00000000ede00000,0x00000000ede00000)
  from space 12800K, 97% used [0x00000000edf00000,0x00000000eeb2f610,0x00000000eeb80000)
  to   space 14848K, 0% used [0x00000000eec80000,0x00000000eec80000,0x00000000efb00000)
 ParOldGen       total 254464K, used 215942K [0x00000000c0000000, 0x00000000cf880000, 0x00000000eab00000)
  object space 254464K, 84% used [0x00000000c0000000,0x00000000cd2e18e0,0x00000000cf880000)
 Metaspace       used 80060K, committed 81536K, reserved 1179648K
  class space    used 8116K, committed 8768K, reserved 1048576K
}
Event: 50.923 GC heap after
{Heap after GC invocations=230 (full 13):
 PSYoungGen      total 62464K, used 10984K [0x00000000eab00000, 0x00000000ef780000, 0x0000000100000000)
  eden space 51200K, 0% used [0x00000000eab00000,0x00000000eab00000,0x00000000edd00000)
  from space 11264K, 97% used [0x00000000eec80000,0x00000000ef73a258,0x00000000ef780000)
  to   space 12288K, 0% used [0x00000000edf80000,0x00000000edf80000,0x00000000eeb80000)
 ParOldGen       total 254464K, used 215950K [0x00000000c0000000, 0x00000000cf880000, 0x00000000eab00000)
  object space 254464K, 84% used [0x00000000c0000000,0x00000000cd2e38e0,0x00000000cf880000)
 Metaspace       used 80060K, committed 81536K, reserved 1179648K
  class space    used 8116K, committed 8768K, reserved 1048576K
}

Dll operation events (10 events):
Event: 0.009 Loaded shared library c:\Users\NGUYEN VAN TUAN\.vscode\extensions\redhat.java-1.28.1-win32-x64\jre\17.0.10-win32-x86_64\bin\java.dll
Event: 0.148 Loaded shared library c:\Users\NGUYEN VAN TUAN\.vscode\extensions\redhat.java-1.28.1-win32-x64\jre\17.0.10-win32-x86_64\bin\zip.dll
Event: 0.153 Loaded shared library C:\Users\NGUYEN VAN TUAN\.vscode\extensions\redhat.java-1.28.1-win32-x64\jre\17.0.10-win32-x86_64\bin\instrument.dll
Event: 0.170 Loaded shared library C:\Users\NGUYEN VAN TUAN\.vscode\extensions\redhat.java-1.28.1-win32-x64\jre\17.0.10-win32-x86_64\bin\net.dll
Event: 0.173 Loaded shared library C:\Users\NGUYEN VAN TUAN\.vscode\extensions\redhat.java-1.28.1-win32-x64\jre\17.0.10-win32-x86_64\bin\nio.dll
Event: 0.183 Loaded shared library C:\Users\NGUYEN VAN TUAN\.vscode\extensions\redhat.java-1.28.1-win32-x64\jre\17.0.10-win32-x86_64\bin\zip.dll
Event: 0.200 Loaded shared library C:\Users\NGUYEN VAN TUAN\.vscode\extensions\redhat.java-1.28.1-win32-x64\jre\17.0.10-win32-x86_64\bin\jimage.dll
Event: 0.260 Loaded shared library c:\Users\NGUYEN VAN TUAN\.vscode\extensions\redhat.java-1.28.1-win32-x64\jre\17.0.10-win32-x86_64\bin\verify.dll
Event: 3.862 Loaded shared library C:\Users\NGUYEN VAN TUAN\AppData\Roaming\Code\User\globalStorage\redhat.java\1.28.1\config_win\org.eclipse.equinox.launcher\org.eclipse.equinox.launcher.win32.win32.x86_64_1.2.900.v20240129-1338\eclipse_11900.dll
Event: 9.649 Loaded shared library C:\Users\NGUYEN VAN TUAN\AppData\Local\Temp\jna--682492731\jna12474863756912299172.dll

Deoptimization events (20 events):
Event: 51.089 Thread 0x000001bd856231b0 Uncommon trap: trap_request=0xffffffc6 fr.pc=0x000001bdf6b012dc relative=0x000000000000031c
Event: 51.089 Thread 0x000001bd856231b0 Uncommon trap: reason=bimorphic_or_optimized_type_check action=maybe_recompile pc=0x000001bdf6b012dc method=org.eclipse.jdt.internal.compiler.parser.Parser.consumeRule(I)V @ 7832 c2
Event: 51.089 Thread 0x000001bd856231b0 DEOPT PACKING pc=0x000001bdf6b012dc sp=0x000000b7527fdce0
Event: 51.089 Thread 0x000001bd856231b0 DEOPT UNPACKING pc=0x000001bdf5b966a3 sp=0x000000b7527fdc70 mode 2
Event: 51.089 Thread 0x000001bd856231b0 Uncommon trap: trap_request=0xffffffc6 fr.pc=0x000001bdf6b013d4 relative=0x0000000000000414
Event: 51.089 Thread 0x000001bd856231b0 Uncommon trap: reason=bimorphic_or_optimized_type_check action=maybe_recompile pc=0x000001bdf6b013d4 method=org.eclipse.jdt.internal.compiler.parser.Parser.consumeRule(I)V @ 7811 c2
Event: 51.089 Thread 0x000001bd856231b0 DEOPT PACKING pc=0x000001bdf6b013d4 sp=0x000000b7527fdce0
Event: 51.089 Thread 0x000001bd856231b0 DEOPT UNPACKING pc=0x000001bdf5b966a3 sp=0x000000b7527fdc68 mode 2
Event: 51.089 Thread 0x000001bd856231b0 Uncommon trap: trap_request=0xffffffc6 fr.pc=0x000001bdf6b012dc relative=0x000000000000031c
Event: 51.089 Thread 0x000001bd856231b0 Uncommon trap: reason=bimorphic_or_optimized_type_check action=maybe_recompile pc=0x000001bdf6b012dc method=org.eclipse.jdt.internal.compiler.parser.Parser.consumeRule(I)V @ 7832 c2
Event: 51.089 Thread 0x000001bd856231b0 DEOPT PACKING pc=0x000001bdf6b012dc sp=0x000000b7527fdce0
Event: 51.089 Thread 0x000001bd856231b0 DEOPT UNPACKING pc=0x000001bdf5b966a3 sp=0x000000b7527fdc70 mode 2
Event: 52.561 Thread 0x000001bd89c78dd0 Uncommon trap: trap_request=0xffffff45 fr.pc=0x000001bdf65dcd34 relative=0x0000000000006654
Event: 52.561 Thread 0x000001bd89c78dd0 Uncommon trap: reason=unstable_if action=reinterpret pc=0x000001bdf65dcd34 method=org.eclipse.jdt.internal.compiler.classfmt.AnnotationInfo.getElementValuePairs()[Lorg/eclipse/jdt/internal/compiler/env/IBinaryElementValuePair; @ 4 c2
Event: 52.561 Thread 0x000001bd89c78dd0 DEOPT PACKING pc=0x000001bdf65dcd34 sp=0x000000b751efde20
Event: 52.561 Thread 0x000001bd89c78dd0 DEOPT UNPACKING pc=0x000001bdf5b966a3 sp=0x000000b751efdd70 mode 2
Event: 52.580 Thread 0x000001bd89c78dd0 Uncommon trap: trap_request=0xffffff76 fr.pc=0x000001bdf691e178 relative=0x000000000000a978
Event: 52.580 Thread 0x000001bd89c78dd0 Uncommon trap: reason=predicate action=maybe_recompile pc=0x000001bdf691e178 method=org.eclipse.jdt.internal.compiler.lookup.BinaryTypeBinding.createMethod(Lorg/eclipse/jdt/internal/compiler/env/IBinaryMethod;Lorg/eclipse/jdt/internal/compiler/env/IBinary
Event: 52.580 Thread 0x000001bd89c78dd0 DEOPT PACKING pc=0x000001bdf691e178 sp=0x000000b751efde80
Event: 52.580 Thread 0x000001bd89c78dd0 DEOPT UNPACKING pc=0x000001bdf5b966a3 sp=0x000000b751efde28 mode 2

Classes unloaded (14 events):
Event: 9.492 Thread 0x000001bd801f8030 Unloading class 0x000000010024bc00 'java/lang/invoke/LambdaForm$MH+0x000000010024bc00'
Event: 9.492 Thread 0x000001bd801f8030 Unloading class 0x000000010024b800 'java/lang/invoke/LambdaForm$MH+0x000000010024b800'
Event: 9.492 Thread 0x000001bd801f8030 Unloading class 0x000000010024b400 'java/lang/invoke/LambdaForm$MH+0x000000010024b400'
Event: 9.492 Thread 0x000001bd801f8030 Unloading class 0x000000010024b000 'java/lang/invoke/LambdaForm$MH+0x000000010024b000'
Event: 9.492 Thread 0x000001bd801f8030 Unloading class 0x000000010024ac00 'java/lang/invoke/LambdaForm$BMH+0x000000010024ac00'
Event: 9.492 Thread 0x000001bd801f8030 Unloading class 0x000000010024a800 'java/lang/invoke/LambdaForm$DMH+0x000000010024a800'
Event: 9.492 Thread 0x000001bd801f8030 Unloading class 0x0000000100244400 'java/lang/invoke/LambdaForm$DMH+0x0000000100244400'
Event: 15.600 Thread 0x000001bd801f8030 Unloading class 0x00000001006f0800 'java/lang/invoke/LambdaForm$DMH+0x00000001006f0800'
Event: 15.600 Thread 0x000001bd801f8030 Unloading class 0x00000001006f0400 'java/lang/invoke/LambdaForm$DMH+0x00000001006f0400'
Event: 15.600 Thread 0x000001bd801f8030 Unloading class 0x00000001006f0c00 'java/lang/invoke/LambdaForm$DMH+0x00000001006f0c00'
Event: 15.600 Thread 0x000001bd801f8030 Unloading class 0x00000001006f1000 'java/lang/invoke/LambdaForm$DMH+0x00000001006f1000'
Event: 19.766 Thread 0x000001bd801f8030 Unloading class 0x00000001007a4400 'java/lang/invoke/LambdaForm$DMH+0x00000001007a4400'
Event: 19.766 Thread 0x000001bd801f8030 Unloading class 0x000000010079c800 'java/lang/invoke/LambdaForm$DMH+0x000000010079c800'
Event: 19.766 Thread 0x000001bd801f8030 Unloading class 0x000000010079c000 'java/lang/invoke/LambdaForm$DMH+0x000000010079c000'

Classes redefined (0 events):
No events

Internal exceptions (20 events):
Event: 50.482 Thread 0x000001bd89c7bb60 Exception <a 'sun/nio/fs/WindowsException'{0x00000000eab273f0}> (0x00000000eab273f0) 
thrown [s\src\hotspot\share\prims\jni.cpp, line 516]
Event: 50.484 Thread 0x000001bd89c7bb60 Exception <a 'sun/nio/fs/WindowsException'{0x00000000eab30768}> (0x00000000eab30768) 
thrown [s\src\hotspot\share\prims\jni.cpp, line 516]
Event: 50.486 Thread 0x000001bd89c7bb60 Exception <a 'sun/nio/fs/WindowsException'{0x00000000eab3af88}> (0x00000000eab3af88) 
thrown [s\src\hotspot\share\prims\jni.cpp, line 516]
Event: 50.489 Thread 0x000001bd89c7bb60 Exception <a 'sun/nio/fs/WindowsException'{0x00000000eac409b0}> (0x00000000eac409b0) 
thrown [s\src\hotspot\share\prims\jni.cpp, line 516]
Event: 50.492 Thread 0x000001bd89c7bb60 Exception <a 'sun/nio/fs/WindowsException'{0x00000000eac53bb0}> (0x00000000eac53bb0) 
thrown [s\src\hotspot\share\prims\jni.cpp, line 516]
Event: 50.494 Thread 0x000001bd89c7bb60 Exception <a 'sun/nio/fs/WindowsException'{0x00000000eac661a0}> (0x00000000eac661a0) 
thrown [s\src\hotspot\share\prims\jni.cpp, line 516]
Event: 50.497 Thread 0x000001bd89c7bb60 Exception <a 'sun/nio/fs/WindowsException'{0x00000000eac78be8}> (0x00000000eac78be8) 
thrown [s\src\hotspot\share\prims\jni.cpp, line 516]
Event: 50.499 Thread 0x000001bd89c7bb60 Exception <a 'sun/nio/fs/WindowsException'{0x00000000eae0f040}> (0x00000000eae0f040) 
thrown [s\src\hotspot\share\prims\jni.cpp, line 516]
Event: 50.502 Thread 0x000001bd89c7bb60 Exception <a 'sun/nio/fs/WindowsException'{0x00000000eae1c780}> (0x00000000eae1c780) 
thrown [s\src\hotspot\share\prims\jni.cpp, line 516]
Event: 50.507 Thread 0x000001bd89c7bb60 Exception <a 'sun/nio/fs/WindowsException'{0x00000000eae2d1b0}> (0x00000000eae2d1b0) 
thrown [s\src\hotspot\share\prims\jni.cpp, line 516]
Event: 50.513 Thread 0x000001bd89c7bb60 Exception <a 'sun/nio/fs/WindowsException'{0x00000000eae408d0}> (0x00000000eae408d0) 
thrown [s\src\hotspot\share\prims\jni.cpp, line 516]
Event: 50.515 Thread 0x000001bd89c7bb60 Exception <a 'sun/nio/fs/WindowsException'{0x00000000eae4b070}> (0x00000000eae4b070) 
thrown [s\src\hotspot\share\prims\jni.cpp, line 516]
Event: 50.519 Thread 0x000001bd89c7bb60 Exception <a 'sun/nio/fs/WindowsException'{0x00000000eaf5b6b0}> (0x00000000eaf5b6b0) 
thrown [s\src\hotspot\share\prims\jni.cpp, line 516]
Event: 50.522 Thread 0x000001bd89c7bb60 Exception <a 'sun/nio/fs/WindowsException'{0x00000000eaf6c068}> (0x00000000eaf6c068) 
thrown [s\src\hotspot\share\prims\jni.cpp, line 516]
Event: 50.525 Thread 0x000001bd89c7bb60 Exception <a 'sun/nio/fs/WindowsException'{0x00000000eaf7cdf8}> (0x00000000eaf7cdf8) 
thrown [s\src\hotspot\share\prims\jni.cpp, line 516]
Event: 50.528 Thread 0x000001bd89c7bb60 Exception <a 'sun/nio/fs/WindowsException'{0x00000000eaf8d798}> (0x00000000eaf8d798) 
thrown [s\src\hotspot\share\prims\jni.cpp, line 516]
Event: 50.536 Thread 0x000001bd89c7bb60 Exception <a 'sun/nio/fs/WindowsException'{0x00000000eb0caca0}> (0x00000000eb0caca0) 
thrown [s\src\hotspot\share\prims\jni.cpp, line 516]
Event: 50.538 Thread 0x000001bd89c7bb60 Exception <a 'sun/nio/fs/WindowsException'{0x00000000eb0cfd88}> (0x00000000eb0cfd88) 
thrown [s\src\hotspot\share\prims\jni.cpp, line 516]
Event: 50.589 Thread 0x000001bd89c7bb60 Exception <a 'sun/nio/fs/WindowsException'{0x00000000eb775d60}> (0x00000000eb775d60) 
thrown [s\src\hotspot\share\prims\jni.cpp, line 516]
Event: 50.848 Thread 0x000001bd89c7bb60 Implicit null exception at 0x000001bdf67f7f07 to 0x000001bdf67fa364

VM Operations (20 events):
Event: 50.333 Executing VM operation: HandshakeAllThreads
Event: 50.333 Executing VM operation: HandshakeAllThreads done
Event: 50.349 Executing VM operation: ICBufferFull
Event: 50.349 Executing VM operation: ICBufferFull done
Event: 50.370 Executing VM operation: HandshakeAllThreads
Event: 50.370 Executing VM operation: HandshakeAllThreads done
Event: 50.392 Executing VM operation: ICBufferFull
Event: 50.392 Executing VM operation: ICBufferFull done
Event: 50.403 Executing VM operation: HandshakeAllThreads
Event: 50.403 Executing VM operation: HandshakeAllThreads done
Event: 50.466 Executing VM operation: ParallelGCFailedAllocation
Event: 50.473 Executing VM operation: ParallelGCFailedAllocation done
Event: 50.816 Executing VM operation: ICBufferFull
Event: 50.816 Executing VM operation: ICBufferFull done
Event: 50.893 Executing VM operation: HandshakeAllThreads
Event: 50.893 Executing VM operation: HandshakeAllThreads done
Event: 50.917 Executing VM operation: ParallelGCFailedAllocation
Event: 50.923 Executing VM operation: ParallelGCFailedAllocation done
Event: 51.928 Executing VM operation: Cleanup
Event: 51.928 Executing VM operation: Cleanup done

Events (20 events):
Event: 50.431 Thread 0x000001bd801fc390 flushing nmethod 0x000001bdf026b790
Event: 50.525 Thread 0x000001bd8c79de50 Thread exited: 0x000001bd8c79de50
Event: 50.585 loading class jdk/internal/module/IllegalAccessLogger
Event: 50.585 loading class jdk/internal/module/IllegalAccessLogger done
Event: 50.586 Thread 0x000001bd8c79de50 Thread added: 0x000001bd8c79de50
Event: 50.588 Thread 0x000001bd8c79de50 Thread exited: 0x000001bd8c79de50
Event: 50.629 Thread 0x000001bd8c79de50 Thread added: 0x000001bd8c79de50
Event: 50.629 Thread 0x000001bd8c79f7a0 Thread added: 0x000001bd8c79f7a0
Event: 50.630 Thread 0x000001bd8c7a01c0 Thread added: 0x000001bd8c7a01c0
Event: 50.630 Thread 0x000001bd8c7a10f0 Thread added: 0x000001bd8c7a10f0
Event: 50.630 Thread 0x000001bd8c7a1600 Thread added: 0x000001bd8c7a1600
Event: 50.690 Thread 0x000001bd8c7a01c0 Thread exited: 0x000001bd8c7a01c0
Event: 50.690 Thread 0x000001bd8c79de50 Thread exited: 0x000001bd8c79de50
Event: 50.690 Thread 0x000001bd8c7a1600 Thread exited: 0x000001bd8c7a1600
Event: 50.690 Thread 0x000001bd8c79f7a0 Thread exited: 0x000001bd8c79f7a0
Event: 50.690 Thread 0x000001bd8c7a10f0 Thread exited: 0x000001bd8c7a10f0
Event: 50.932 loading class java/nio/file/attribute/PosixFileAttributes
Event: 50.932 loading class java/nio/file/attribute/PosixFileAttributes done
Event: 52.543 Thread 0x000001bd89fa0210 Thread exited: 0x000001bd89fa0210
Event: 52.556 Thread 0x000001bd89fa76f0 Thread added: 0x000001bd89fa76f0


Dynamic libraries:
0x00007ff73c3c0000 - 0x00007ff73c3ce000 	c:\Users\NGUYEN VAN TUAN\.vscode\extensions\redhat.java-1.28.1-win32-x64\jre\17.0.10-win32-x86_64\bin\java.exe
0x00007ffec1670000 - 0x00007ffec1868000 	C:\Windows\SYSTEM32\ntdll.dll
0x00007ffec0c40000 - 0x00007ffec0cfd000 	C:\Windows\System32\KERNEL32.DLL
0x00007ffebf3b0000 - 0x00007ffebf6a6000 	C:\Windows\System32\KERNELBASE.dll
0x00007ffebf000000 - 0x00007ffebf100000 	C:\Windows\System32\ucrtbase.dll
0x00007ffe99b10000 - 0x00007ffe99b27000 	c:\Users\NGUYEN VAN TUAN\.vscode\extensions\redhat.java-1.28.1-win32-x64\jre\17.0.10-win32-x86_64\bin\jli.dll
0x00007ffe9c130000 - 0x00007ffe9c14b000 	c:\Users\NGUYEN VAN TUAN\.vscode\extensions\redhat.java-1.28.1-win32-x64\jre\17.0.10-win32-x86_64\bin\VCRUNTIME140.dll
0x00007ffebfff0000 - 0x00007ffec018e000 	C:\Windows\System32\USER32.dll
0x00007ffebedc0000 - 0x00007ffebede2000 	C:\Windows\System32\win32u.dll
0x00007ffea97c0000 - 0x00007ffea9a5a000 	C:\Windows\WinSxS\amd64_microsoft.windows.common-controls_6595b64144ccf1df_6.0.19041.3636_none_60b6a03d71f818d5\COMCTL32.dll
0x00007ffebf710000 - 0x00007ffebf73b000 	C:\Windows\System32\GDI32.dll
0x00007ffec02b0000 - 0x00007ffec034e000 	C:\Windows\System32\msvcrt.dll
0x00007ffebee90000 - 0x00007ffebefa7000 	C:\Windows\System32\gdi32full.dll
0x00007ffebf310000 - 0x00007ffebf3ad000 	C:\Windows\System32\msvcp_win.dll
0x00007ffec0350000 - 0x00007ffec0382000 	C:\Windows\System32\IMM32.DLL
0x00007ffeba730000 - 0x00007ffeba73c000 	c:\Users\NGUYEN VAN TUAN\.vscode\extensions\redhat.java-1.28.1-win32-x64\jre\17.0.10-win32-x86_64\bin\vcruntime140_1.dll
0x00007ffe98d40000 - 0x00007ffe98dcd000 	c:\Users\NGUYEN VAN TUAN\.vscode\extensions\redhat.java-1.28.1-win32-x64\jre\17.0.10-win32-x86_64\bin\msvcp140.dll
0x00007ffe66ce0000 - 0x00007ffe67942000 	c:\Users\NGUYEN VAN TUAN\.vscode\extensions\redhat.java-1.28.1-win32-x64\jre\17.0.10-win32-x86_64\bin\server\jvm.dll
0x00007ffec1450000 - 0x00007ffec1503000 	C:\Windows\System32\ADVAPI32.dll
0x00007ffec0190000 - 0x00007ffec022f000 	C:\Windows\System32\sechost.dll
0x00007ffec1320000 - 0x00007ffec1446000 	C:\Windows\System32\RPCRT4.dll
0x00007ffebedf0000 - 0x00007ffebee17000 	C:\Windows\System32\bcrypt.dll
0x00007ffebe2d0000 - 0x00007ffebe31b000 	C:\Windows\SYSTEM32\POWRPROF.dll
0x00007ffeade10000 - 0x00007ffeade37000 	C:\Windows\SYSTEM32\WINMM.dll
0x00007ffea1f70000 - 0x00007ffea1f79000 	C:\Windows\SYSTEM32\WSOCK32.dll
0x00007ffec0bd0000 - 0x00007ffec0c3b000 	C:\Windows\System32\WS2_32.dll
0x00007ffeb7d10000 - 0x00007ffeb7d1a000 	C:\Windows\SYSTEM32\VERSION.dll
0x00007ffebe140000 - 0x00007ffebe152000 	C:\Windows\SYSTEM32\UMPDC.dll
0x00007ffebd570000 - 0x00007ffebd582000 	C:\Windows\SYSTEM32\kernel.appcore.dll
0x00007ffeba680000 - 0x00007ffeba68a000 	c:\Users\NGUYEN VAN TUAN\.vscode\extensions\redhat.java-1.28.1-win32-x64\jre\17.0.10-win32-x86_64\bin\jimage.dll
0x00007ffebcbb0000 - 0x00007ffebcd94000 	C:\Windows\SYSTEM32\DBGHELP.DLL
0x00007ffea7f60000 - 0x00007ffea7f94000 	C:\Windows\SYSTEM32\dbgcore.DLL
0x00007ffebed30000 - 0x00007ffebedb2000 	C:\Windows\System32\bcryptPrimitives.dll
0x00007ffeba650000 - 0x00007ffeba65e000 	c:\Users\NGUYEN VAN TUAN\.vscode\extensions\redhat.java-1.28.1-win32-x64\jre\17.0.10-win32-x86_64\bin\instrument.dll
0x00007ffe99ae0000 - 0x00007ffe99b05000 	c:\Users\NGUYEN VAN TUAN\.vscode\extensions\redhat.java-1.28.1-win32-x64\jre\17.0.10-win32-x86_64\bin\java.dll
0x00007ffe991a0000 - 0x00007ffe991b8000 	c:\Users\NGUYEN VAN TUAN\.vscode\extensions\redhat.java-1.28.1-win32-x64\jre\17.0.10-win32-x86_64\bin\zip.dll
0x00007ffebf8a0000 - 0x00007ffebffe5000 	C:\Windows\System32\SHELL32.dll
0x00007ffebcdc0000 - 0x00007ffebd55c000 	C:\Windows\SYSTEM32\windows.storage.dll
0x00007ffec0580000 - 0x00007ffec08d4000 	C:\Windows\System32\combase.dll
0x00007ffebe760000 - 0x00007ffebe78e000 	C:\Windows\SYSTEM32\Wldp.dll
0x00007ffec04b0000 - 0x00007ffec057d000 	C:\Windows\System32\OLEAUT32.dll
0x00007ffec1510000 - 0x00007ffec15bd000 	C:\Windows\System32\SHCORE.dll
0x00007ffebf760000 - 0x00007ffebf7b5000 	C:\Windows\System32\shlwapi.dll
0x00007ffebec60000 - 0x00007ffebec85000 	C:\Windows\SYSTEM32\profapi.dll
0x00007ffe99ac0000 - 0x00007ffe99ad9000 	C:\Users\NGUYEN VAN TUAN\.vscode\extensions\redhat.java-1.28.1-win32-x64\jre\17.0.10-win32-x86_64\bin\net.dll
0x00007ffeb8060000 - 0x00007ffeb816a000 	C:\Windows\SYSTEM32\WINHTTP.dll
0x00007ffebe4c0000 - 0x00007ffebe52a000 	C:\Windows\system32\mswsock.dll
0x00007ffe991d0000 - 0x00007ffe991e6000 	C:\Users\NGUYEN VAN TUAN\.vscode\extensions\redhat.java-1.28.1-win32-x64\jre\17.0.10-win32-x86_64\bin\nio.dll
0x00007ffea4120000 - 0x00007ffea4130000 	c:\Users\NGUYEN VAN TUAN\.vscode\extensions\redhat.java-1.28.1-win32-x64\jre\17.0.10-win32-x86_64\bin\verify.dll
0x00007ffe91d20000 - 0x00007ffe91d5e000 	C:\Users\NGUYEN VAN TUAN\AppData\Roaming\Code\User\globalStorage\redhat.java\1.28.1\config_win\org.eclipse.equinox.launcher\org.eclipse.equinox.launcher.win32.win32.x86_64_1.2.900.v20240129-1338\eclipse_11900.dll
0x00007ffec0aa0000 - 0x00007ffec0bcb000 	C:\Windows\System32\ole32.dll
0x00007ffebe6c0000 - 0x00007ffebe6d8000 	C:\Windows\SYSTEM32\CRYPTSP.dll
0x00007ffebdd80000 - 0x00007ffebddb4000 	C:\Windows\system32\rsaenh.dll
0x00007ffebebe0000 - 0x00007ffebec0e000 	C:\Windows\SYSTEM32\USERENV.dll
0x00007ffebe6b0000 - 0x00007ffebe6bc000 	C:\Windows\SYSTEM32\CRYPTBASE.dll
0x00007ffebe160000 - 0x00007ffebe19b000 	C:\Windows\SYSTEM32\IPHLPAPI.DLL
0x00007ffec15c0000 - 0x00007ffec15c8000 	C:\Windows\System32\NSI.dll
0x00007ffeb83f0000 - 0x00007ffeb8407000 	C:\Windows\SYSTEM32\dhcpcsvc6.DLL
0x00007ffeb86b0000 - 0x00007ffeb86cd000 	C:\Windows\SYSTEM32\dhcpcsvc.DLL
0x00007ffebe1a0000 - 0x00007ffebe26b000 	C:\Windows\SYSTEM32\DNSAPI.dll
0x00007ffe8a270000 - 0x00007ffe8a2b5000 	C:\Users\NGUYEN VAN TUAN\AppData\Local\Temp\jna--682492731\jna12474863756912299172.dll
0x00007ffec0ea0000 - 0x00007ffec0ea8000 	C:\Windows\System32\PSAPI.DLL

dbghelp: loaded successfully - version: 4.0.5 - missing functions: none
symbol engine: initialized successfully - sym options: 0x614 - pdb path: .;c:\Users\NGUYEN VAN TUAN\.vscode\extensions\redhat.java-1.28.1-win32-x64\jre\17.0.10-win32-x86_64\bin;C:\Windows\SYSTEM32;C:\Windows\WinSxS\amd64_microsoft.windows.common-controls_6595b64144ccf1df_6.0.19041.3636_none_60b6a03d71f818d5;c:\Users\NGUYEN VAN TUAN\.vscode\extensions\redhat.java-1.28.1-win32-x64\jre\17.0.10-win32-x86_64\bin\server;C:\Users\NGUYEN VAN TUAN\AppData\Roaming\Code\User\globalStorage\redhat.java\1.28.1\config_win\org.eclipse.equinox.launcher\org.eclipse.equinox.launcher.win32.win32.x86_64_1.2.900.v20240129-1338;C:\Users\NGUYEN VAN TUAN\AppData\Local\Temp\jna--682492731

VM Arguments:
jvm_args: --add-modules=ALL-SYSTEM --add-opens=java.base/java.util=ALL-UNNAMED --add-opens=java.base/java.lang=ALL-UNNAMED --add-opens=java.base/sun.nio.fs=ALL-UNNAMED -Declipse.application=org.eclipse.jdt.ls.core.id1 -Dosgi.bundles.defaultStartLevel=4 -Declipse.product=org.eclipse.jdt.ls.core.product -Djava.import.generatesMetadataFilesAtProjectRoot=false -DDetectVMInstallationsJob.disabled=true -Dfile.encoding=utf8 -XX:+UseParallelGC -XX:GCTimeRatio=4 -XX:AdaptiveSizePolicyWeight=90 -Dsun.zip.disableMemoryMapping=true -Xmx1G -Xms100m -Xlog:disable -javaagent:c:\Users\NGUYEN VAN TUAN\.vscode\extensions\redhat.java-1.28.1-win32-x64\lombok\lombok-1.18.31.jar -XX:+HeapDumpOnOutOfMemoryError -XX:HeapDumpPath=c:\Users\NGUYEN VAN TUAN\AppData\Roaming\Code\User\workspaceStorage\4b5897a0606a2f31151e3a4a2c6c4e0e\redhat.java -Daether.dependencyCollector.impl=bf 
java_command: c:\Users\NGUYEN VAN TUAN\.vscode\extensions\redhat.java-1.28.1-win32-x64\server\plugins\org.eclipse.equinox.launcher_1.6.700.v20231214-2017.jar -configuration c:\Users\NGUYEN VAN TUAN\AppData\Roaming\Code\User\globalStorage\redhat.java\1.28.1\config_win -data c:\Users\NGUYEN VAN TUAN\AppData\Roaming\Code\User\workspaceStorage\4b5897a0606a2f31151e3a4a2c6c4e0e\redhat.java\jdt_ws --stdio
java_class_path (initial): c:\Users\NGUYEN VAN TUAN\.vscode\extensions\redhat.java-1.28.1-win32-x64\server\plugins\org.eclipse.equinox.launcher_1.6.700.v20231214-2017.jar
Launcher Type: SUN_STANDARD

[Global flags]
    uintx AdaptiveSizePolicyWeight                 = 90                                        {product} {command line}
     intx CICompilerCount                          = 12                                        {product} {ergonomic}
    uintx GCTimeRatio                              = 4                                         {product} {command line}
     bool HeapDumpOnOutOfMemoryError               = true                                   {manageable} {command line}
    ccstr HeapDumpPath                             = c:\Users\NGUYEN VAN TUAN\AppData\Roaming\Code\User\workspaceStorage\4b5897a0606a2f31151e3a4a2c6c4e0e\redhat.java         {manageable} {command line}
   size_t InitialHeapSize                          = 104857600                                 {product} {command line}
   size_t MaxHeapSize                              = 1073741824                                {product} {command line}
   size_t MaxNewSize                               = 357564416                                 {product} {ergonomic}
   size_t MinHeapDeltaBytes                        = 524288                                    {product} {ergonomic}
   size_t MinHeapSize                              = 104857600                                 {product} {command line}
   size_t NewSize                                  = 34603008                                  {product} {ergonomic}
    uintx NonNMethodCodeHeapSize                   = 7602480                                {pd product} {ergonomic}
    uintx NonProfiledCodeHeapSize                  = 122027880                              {pd product} {ergonomic}
   size_t OldSize                                  = 70254592                                  {product} {ergonomic}
    uintx ProfiledCodeHeapSize                     = 122027880                              {pd product} {ergonomic}
    uintx ReservedCodeCacheSize                    = 251658240                              {pd product} {ergonomic}
     bool SegmentedCodeCache                       = true                                      {product} {ergonomic}
   size_t SoftMaxHeapSize                          = 1073741824                             {manageable} {ergonomic}
     bool UseCompressedClassPointers               = true                           {product lp64_product} {ergonomic}
     bool UseCompressedOops                        = true                           {product lp64_product} {ergonomic}
     bool UseLargePagesIndividualAllocation        = false                                  {pd product} {ergonomic}
     bool UseParallelGC                            = true                                      {product} {command line}

Logging:
Log output configuration:
 #0: stdout all=off uptime,level,tags
 #1: stderr all=off uptime,level,tags

Environment Variables:
PATH=C:\Program Files\Common Files\Oracle\Java\javapath;C:\Program Files (x86)\Common Files\Oracle\Java\javapath;C:\Windows\system32;C:\Windows;C:\Windows\System32\Wbem;C:\Windows\System32\WindowsPowerShell\v1.0\;C:\Windows\System32\OpenSSH\;C:\Program Files (x86)\NVIDIA Corporation\PhysX\Common;C:\Program Files\NVIDIA Corporation\NVIDIA NvDLISR;C:\Program Files (x86)\mingw-w64\i686-8.1.0-posix-dwarf-rt_v6-rev0\mingw32\bin;C:\Program Files\Java\java-1.8.0-openjdk-1.8.0.345-1.b01.redhat.windows.x86_64\java-1.8.0-openjdk-1.8.0.345-1.b01.redhat.windows.x86_64\bin;C:\Program Files\Java\java-1.8.0-openjdk-1.8.0.345-1.b01.redhat.windows.x86_64\java-1.8.0-openjdk-1.8.0.345-1.b01.redhat.windows.x86_64\bin;C:\Program Files\VisualSVN Server\bin;C:\Program Files\TortoiseSVN\bin;C:\Program Files\Git\cmd;C:\Program Files (x86)\Microsoft SQL Server\160\Tools\Binn\;C:\Program Files\Microsoft SQL Server\160\Tools\Binn\;C:\Program Files\Microsoft SQL Server\Client SDK\ODBC\170\Tools\Binn\;C:\Program Files\Microsoft SQL Server\160\DTS\Binn\;C:\Program Files (x86)\Microsoft SQL Server\160\DTS\Binn\;C:\Program Files\Azure Data Studio\bin;C:\Program Files\Microsoft SQL Server\150\Tools\Binn\;C:\Program Files\dotnet\;C:\Program Files\nodejs\;C:\Users\NGUYEN VAN TUAN\AppData\Local\Programs\Python\Python310\Scripts\;C:\Users\NGUYEN VAN TUAN\AppData\Local\Programs\Python\Python310\;C:\Users\NGUYEN VAN TUAN\AppData\Local\Programs\Python\Python311\Scripts\;C:\Users\NGUYEN VAN TUAN\AppData\Local\Programs\Python\Python311\;C:\Users\NGUYEN VAN TUAN\AppData\Local\Microsoft\WindowsApps;C:\Program Files\Java\java-1.8.0-openjdk-1.8.0.345-1.b01.redhat.windows.x86_64\java-1.8.0-openjdk-1.8.0.345-1.b01.redhat.windows.x86_64\bin;C:\Users\NGUYEN VAN TUAN\AppData\Local\GitHubDesktop\bin;C:\Program Files\Azure Data Studio\bin;C:\Users\NGUYEN VAN TUAN\AppData\Local\Programs\Microsoft VS Code\bin;C:\Users\NGUYEN VAN TUAN\.dotnet\tools;C:\Users\NGUYEN VAN TUAN\AppData\Roaming\npm
USERNAME=NGUYEN VAN TUAN
OS=Windows_NT
PROCESSOR_IDENTIFIER=AMD64 Family 23 Model 96 Stepping 1, AuthenticAMD
TMP=C:\Users\NGUYEN~1\AppData\Local\Temp
TEMP=C:\Users\NGUYEN~1\AppData\Local\Temp



Periodic native trim disabled


---------------  S Y S T E M  ---------------

OS:
 Windows 10 , 64 bit Build 19041 (10.0.19041.3636)
OS uptime: 0 days 2:15 hours

CPU: total 16 (initial active 16) (16 cores per cpu, 2 threads per core) family 23 model 96 stepping 1 microcode 0x0, cx8, cmov, fxsr, ht, mmx, 3dnowpref, sse, sse2, sse3, ssse3, sse4a, sse4.1, sse4.2, popcnt, lzcnt, tsc, tscinvbit, avx, avx2, aes, clmul, bmi1, bmi2, adx, sha, fma, vzeroupper, clflush, clflushopt
Processor Information for all 16 processors :
  Max Mhz: 2900, Current Mhz: 2900, Mhz Limit: 2900

Memory: 4k page, system-wide physical 15741M (352M free)
TotalPageFile size 19837M (AvailPageFile size 0M)
current process WorkingSet (physical memory assigned to process): 630M, peak: 674M
current process commit charge ("private bytes"): 631M, peak: 689M

vm_info: OpenJDK 64-Bit Server VM (17.0.10+7) for windows-amd64 JRE (17.0.10+7), built on Jan 16 2024 23:25:11 by "admin" with MS VC++ 16.10 / 16.11 (VS2019)

END.
