#
# There is insufficient memory for the Java Runtime Environment to continue.
# Native memory allocation (malloc) failed to allocate 1173856 bytes for Chunk::new
# Possible reasons:
#   The system is out of physical RAM or swap space
#   The process is running with CompressedOops enabled, and the Java Heap may be blocking the growth of the native heap
# Possible solutions:
#   Reduce memory load on the system
#   Increase physical memory or swap space
#   Check if swap backing store is full
#   Decrease Java heap size (-Xmx/-Xms)
#   Decrease number of Java threads
#   Decrease Java thread stack sizes (-Xss)
#   Set larger code cache with -XX:ReservedCodeCacheSize=
#   JVM is running with Unscaled Compressed Oops mode in which the Java heap is
#     placed in the first 4GB address space. The Java Heap base address is the
#     maximum limit for the native heap growth. Please use -XX:HeapBaseMinAddress
#     to set the Java Heap base and to place the Java Heap above 4GB virtual address.
# This output file may be truncated or incomplete.
#
#  Out of Memory Error (arena.cpp:191), pid=22780, tid=13976
#
# JRE version: OpenJDK Runtime Environment Temurin-17.0.10+7 (17.0.10+7) (build 17.0.10+7)
# Java VM: OpenJDK 64-Bit Server VM Temurin-17.0.10+7 (17.0.10+7, mixed mode, tiered, compressed oops, compressed class ptrs, parallel gc, windows-amd64)
# No core dump will be written. Minidumps are not enabled by default on client versions of Windows
#

---------------  S U M M A R Y ------------

Command Line: --add-modules=ALL-SYSTEM --add-opens=java.base/java.util=ALL-UNNAMED --add-opens=java.base/java.lang=ALL-UNNAMED --add-opens=java.base/sun.nio.fs=ALL-UNNAMED -Declipse.application=org.eclipse.jdt.ls.core.id1 -Dosgi.bundles.defaultStartLevel=4 -Declipse.product=org.eclipse.jdt.ls.core.product -Djava.import.generatesMetadataFilesAtProjectRoot=false -DDetectVMInstallationsJob.disabled=true -Dfile.encoding=utf8 -XX:+UseParallelGC -XX:GCTimeRatio=4 -XX:AdaptiveSizePolicyWeight=90 -Dsun.zip.disableMemoryMapping=true -Xmx1G -Xms100m -Xlog:disable -javaagent:c:\Users\NGUYEN VAN TUAN\.vscode\extensions\redhat.java-1.28.1-win32-x64\lombok\lombok-1.18.31.jar -XX:+HeapDumpOnOutOfMemoryError -XX:HeapDumpPath=c:\Users\NGUYEN VAN TUAN\AppData\Roaming\Code\User\workspaceStorage\4b5897a0606a2f31151e3a4a2c6c4e0e\redhat.java -Daether.dependencyCollector.impl=bf c:\Users\NGUYEN VAN TUAN\.vscode\extensions\redhat.java-1.28.1-win32-x64\server\plugins\org.eclipse.equinox.launcher_1.6.700.v20231214-2017.jar -configuration c:\Users\NGUYEN VAN TUAN\AppData\Roaming\Code\User\globalStorage\redhat.java\1.28.1\config_win -data c:\Users\NGUYEN VAN TUAN\AppData\Roaming\Code\User\workspaceStorage\4b5897a0606a2f31151e3a4a2c6c4e0e\redhat.java\jdt_ws --stdio

Host: AMD Ryzen 7 4800H with Radeon Graphics         , 16 cores, 15G,  Windows 10 , 64 bit Build 19041 (10.0.19041.3636)
Time: Mon Mar  4 21:21:52 2024 SE Asia Standard Time elapsed time: 6.636366 seconds (0d 0h 0m 6s)

---------------  T H R E A D  ---------------

Current thread (0x0000013174b2b020):  JavaThread "C2 CompilerThread4" daemon [_thread_in_native, id=13976, stack(0x0000001125300000,0x0000001125400000)]


Current CompileTask:
C2:   6636 7055   !   4       org.eclipse.osgi.internal.loader.classpath.ClasspathManager::defineClass (636 bytes)

Stack: [0x0000001125300000,0x0000001125400000]
Native frames: (J=compiled Java code, j=interpreted, Vv=VM code, C=native code)
V  [jvm.dll+0x67d2c9]
V  [jvm.dll+0x834afa]
V  [jvm.dll+0x8365be]
V  [jvm.dll+0x836c23]
V  [jvm.dll+0x2477ff]
V  [jvm.dll+0xac514]
V  [jvm.dll+0xacb5c]
V  [jvm.dll+0x2aed1f]
V  [jvm.dll+0x584b67]
V  [jvm.dll+0x2228a2]
V  [jvm.dll+0x222c8f]
V  [jvm.dll+0x21bdb6]
V  [jvm.dll+0x219201]
V  [jvm.dll+0x1a502d]
V  [jvm.dll+0x2290de]
V  [jvm.dll+0x2272ac]
V  [jvm.dll+0x7e9bb7]
V  [jvm.dll+0x7e3fba]
V  [jvm.dll+0x67c1b5]
C  [ucrtbase.dll+0x21bb2]
C  [KERNEL32.DLL+0x17344]
C  [ntdll.dll+0x526b1]


---------------  P R O C E S S  ---------------

Threads class SMR info:
_java_thread_list=0x00000131771a2020, length=38, elements={
0x0000013158803040, 0x000001316c69afa0, 0x000001316c69e5e0, 0x00000131588bd0e0,
0x00000131588bdaa0, 0x0000013171ab4f60, 0x0000013171ab6fe0, 0x0000013171abc110,
0x0000013171abef20, 0x0000013171abf920, 0x0000013171ba1aa0, 0x0000013158865670,
0x0000013173970030, 0x0000013173972d80, 0x00000131739c9180, 0x0000013174127fa0,
0x0000013174127930, 0x00000131742315a0, 0x00000131741c7820, 0x0000013174ce5160,
0x0000013174a3e3a0, 0x0000013174c17640, 0x0000013174a24a10, 0x0000013174b3b070,
0x0000013174b3b590, 0x0000013174b2b020, 0x0000013174a23ae0, 0x0000013174a26360,
0x0000013174a235d0, 0x0000013174a230c0, 0x0000013174a26870, 0x0000013174a23ff0,
0x00000131765c1b50, 0x00000131765c43d0, 0x00000131765c34a0, 0x00000131765c2a80,
0x00000131765c2060, 0x00000131765c39b0
}

Java Threads: ( => current thread )
  0x0000013158803040 JavaThread "main" [_thread_blocked, id=15060, stack(0x0000001122c00000,0x0000001122d00000)]
  0x000001316c69afa0 JavaThread "Reference Handler" daemon [_thread_blocked, id=8652, stack(0x0000001122f00000,0x0000001123000000)]
  0x000001316c69e5e0 JavaThread "Finalizer" daemon [_thread_blocked, id=17632, stack(0x0000001123000000,0x0000001123100000)]
  0x00000131588bd0e0 JavaThread "Signal Dispatcher" daemon [_thread_blocked, id=23720, stack(0x0000001123100000,0x0000001123200000)]
  0x00000131588bdaa0 JavaThread "Attach Listener" daemon [_thread_blocked, id=7560, stack(0x0000001123200000,0x0000001123300000)]
  0x0000013171ab4f60 JavaThread "Service Thread" daemon [_thread_blocked, id=23388, stack(0x0000001123300000,0x0000001123400000)]
  0x0000013171ab6fe0 JavaThread "Monitor Deflation Thread" daemon [_thread_blocked, id=19440, stack(0x0000001123400000,0x0000001123500000)]
  0x0000013171abc110 JavaThread "C2 CompilerThread0" daemon [_thread_in_native, id=24752, stack(0x0000001123500000,0x0000001123600000)]
  0x0000013171abef20 JavaThread "C1 CompilerThread0" daemon [_thread_blocked, id=7540, stack(0x0000001123600000,0x0000001123700000)]
  0x0000013171abf920 JavaThread "Sweeper thread" daemon [_thread_blocked, id=6748, stack(0x0000001123700000,0x0000001123800000)]
  0x0000013171ba1aa0 JavaThread "Common-Cleaner" daemon [_thread_blocked, id=21460, stack(0x0000001123800000,0x0000001123900000)]
  0x0000013158865670 JavaThread "C1 CompilerThread1" daemon [_thread_blocked, id=11556, stack(0x0000001123900000,0x0000001123a00000)]
  0x0000013173970030 JavaThread "C1 CompilerThread2" daemon [_thread_blocked, id=16048, stack(0x0000001123c00000,0x0000001123d00000)]
  0x0000013173972d80 JavaThread "C1 CompilerThread3" daemon [_thread_blocked, id=23196, stack(0x0000001123d00000,0x0000001123e00000)]
  0x00000131739c9180 JavaThread "Notification Thread" daemon [_thread_blocked, id=24180, stack(0x0000001123e00000,0x0000001123f00000)]
  0x0000013174127fa0 JavaThread "C2 CompilerThread1" daemon [_thread_in_native, id=22916, stack(0x0000001123a00000,0x0000001123b00000)]
  0x0000013174127930 JavaThread "Active Thread: Equinox Container: fd81f977-cd30-4b84-a037-c1c0af707e54" [_thread_blocked, id=21120, stack(0x0000001124000000,0x0000001124100000)]
  0x00000131742315a0 JavaThread "Framework Event Dispatcher: Equinox Container: fd81f977-cd30-4b84-a037-c1c0af707e54" daemon [_thread_blocked, id=15412, stack(0x0000001124600000,0x0000001124700000)]
  0x00000131741c7820 JavaThread "Start Level: Equinox Container: fd81f977-cd30-4b84-a037-c1c0af707e54" daemon [_thread_blocked, id=9728, stack(0x0000001124700000,0x0000001124800000)]
  0x0000013174ce5160 JavaThread "Bundle File Closer" daemon [_thread_blocked, id=10228, stack(0x0000001124a00000,0x0000001124b00000)]
  0x0000013174a3e3a0 JavaThread "SCR Component Actor" daemon [_thread_blocked, id=24848, stack(0x0000001124c00000,0x0000001124d00000)]
  0x0000013174c17640 JavaThread "SCR Component Registry" daemon [_thread_blocked, id=17412, stack(0x0000001124d00000,0x0000001124e00000)]
  0x0000013174a24a10 JavaThread "Worker-JM" [_thread_blocked, id=15916, stack(0x0000001124f00000,0x0000001125000000)]
  0x0000013174b3b070 JavaThread "C2 CompilerThread2" daemon [_thread_in_native, id=25316, stack(0x0000001125100000,0x0000001125200000)]
  0x0000013174b3b590 JavaThread "C2 CompilerThread3" daemon [_thread_in_native, id=19780, stack(0x0000001125200000,0x0000001125300000)]
=>0x0000013174b2b020 JavaThread "C2 CompilerThread4" daemon [_thread_in_native, id=13976, stack(0x0000001125300000,0x0000001125400000)]
  0x0000013174a23ae0 JavaThread "Worker-0" [_thread_blocked, id=24448, stack(0x0000001125400000,0x0000001125500000)]
  0x0000013174a26360 JavaThread "Worker-1" [_thread_blocked, id=5288, stack(0x0000001125500000,0x0000001125600000)]
  0x0000013174a235d0 JavaThread "Java indexing" daemon [_thread_in_native, id=23244, stack(0x0000001125700000,0x0000001125800000)]
  0x0000013174a230c0 JavaThread "Worker-2: Repository registry initialization" [_thread_in_Java, id=2872, stack(0x0000001125800000,0x0000001125900000)]
  0x0000013174a26870 JavaThread "JNA Cleaner" daemon [_thread_blocked, id=6156, stack(0x0000001125900000,0x0000001125a00000)]
  0x0000013174a23ff0 JavaThread "pool-2-thread-1" [_thread_blocked, id=23132, stack(0x0000001125a00000,0x0000001125b00000)]
  0x00000131765c1b50 JavaThread "Worker-3: Java indexing... " [_thread_blocked, id=18348, stack(0x0000001125b00000,0x0000001125c00000)]
  0x00000131765c43d0 JavaThread "WorkspaceEventsHandler" [_thread_blocked, id=9372, stack(0x0000001125c00000,0x0000001125d00000)]
  0x00000131765c34a0 JavaThread "pool-1-thread-1" [_thread_in_vm, id=19752, stack(0x0000001125d00000,0x0000001125e00000)]
  0x00000131765c2a80 JavaThread "Worker-4" [_thread_blocked, id=17160, stack(0x0000001125e00000,0x0000001125f00000)]
  0x00000131765c2060 JavaThread "Worker-5" [_thread_blocked, id=16880, stack(0x0000001125f00000,0x0000001126000000)]
  0x00000131765c39b0 JavaThread "Worker-6" [_thread_blocked, id=19580, stack(0x0000001126000000,0x0000001126100000)]

Other Threads:
  0x000001316c699840 VMThread "VM Thread" [stack: 0x0000001122e00000,0x0000001122f00000] [id=19108]
  0x00000131739d7850 WatcherThread [stack: 0x0000001123f00000,0x0000001124000000] [id=21040]
  0x0000013158818d70 GCTaskThread "GC Thread#0" [stack: 0x0000001122d00000,0x0000001122e00000] [id=21292]
  0x0000013173c28f20 GCTaskThread "GC Thread#1" [stack: 0x0000001124100000,0x0000001124200000] [id=5908]
  0x0000013173c2a220 GCTaskThread "GC Thread#2" [stack: 0x0000001124200000,0x0000001124300000] [id=16000]
  0x0000013173c2a4e0 GCTaskThread "GC Thread#3" [stack: 0x0000001124300000,0x0000001124400000] [id=24840]
  0x0000013173c275a0 GCTaskThread "GC Thread#4" [stack: 0x0000001124400000,0x0000001124500000] [id=25088]
  0x0000013173c27e70 GCTaskThread "GC Thread#5" [stack: 0x0000001124500000,0x0000001124600000] [id=8540]
  0x00000131741385c0 GCTaskThread "GC Thread#6" [stack: 0x0000001124800000,0x0000001124900000] [id=21424]
  0x00000131587e99f0 GCTaskThread "GC Thread#7" [stack: 0x0000001124900000,0x0000001124a00000] [id=5440]
  0x0000013174bf89f0 GCTaskThread "GC Thread#8" [stack: 0x0000001124b00000,0x0000001124c00000] [id=25128]
  0x0000013174ab03e0 GCTaskThread "GC Thread#9" [stack: 0x0000001123b00000,0x0000001123c00000] [id=22452]
  0x0000013174d18790 GCTaskThread "GC Thread#10" [stack: 0x0000001124e00000,0x0000001124f00000] [id=22592]
  0x00000131746b8590 GCTaskThread "GC Thread#11" [stack: 0x0000001125000000,0x0000001125100000] [id=23532]
  0x00000131746339b0 GCTaskThread "GC Thread#12" [stack: 0x0000001125600000,0x0000001125700000] [id=18960]

Threads with active compile tasks:
C2 CompilerThread0     6660 7331   !   4       org.eclipse.jdt.internal.core.search.indexing.BinaryIndexer::indexDocument (1142 bytes)
C2 CompilerThread1     6660 7411       4       org.eclipse.jdt.internal.compiler.util.SoftClassCache$ClassBytes::getBytes (65 bytes)
C2 CompilerThread2     6660 7423       4       org.eclipse.core.runtime.Path::append (147 bytes)
C2 CompilerThread3     6660 7332   !   4       org.eclipse.jdt.internal.compiler.classfmt.ClassFileReader::<init> (2113 bytes)
C2 CompilerThread4     6660 7055   !   4       org.eclipse.osgi.internal.loader.classpath.ClasspathManager::defineClass (636 bytes)

VM state: not at safepoint (normal execution)

VM Mutex/Monitor currently owned by a thread: None

Heap address: 0x00000000c0000000, size: 1024 MB, Compressed Oops mode: 32-bit

CDS archive(s) not mapped
Compressed class space mapped at: 0x0000000100000000-0x0000000140000000, reserved size: 1073741824
Narrow klass base: 0x0000000000000000, Narrow klass shift: 3, Narrow klass range: 0x140000000

GC Precious Log:
 CPUs: 16 total, 16 available
 Memory: 15741M
 Large Page Support: Disabled
 NUMA Support: Disabled
 Compressed Oops: Enabled (32-bit)
 Alignments: Space 512K, Generation 512K, Heap 2M
 Heap Min Capacity: 100M
 Heap Initial Capacity: 100M
 Heap Max Capacity: 1G
 Pre-touch: Disabled
 Parallel Workers: 13

Heap:
 PSYoungGen      total 21504K, used 4428K [0x00000000eab00000, 0x00000000ec380000, 0x0000000100000000)
  eden space 18944K, 9% used [0x00000000eab00000,0x00000000eacd8fb8,0x00000000ebd80000)
  from space 2560K, 99% used [0x00000000ebe00000,0x00000000ec07a0f8,0x00000000ec080000)
  to   space 3072K, 0% used [0x00000000ec080000,0x00000000ec080000,0x00000000ec380000)
 ParOldGen       total 92672K, used 66778K [0x00000000c0000000, 0x00000000c5a80000, 0x00000000eab00000)
  object space 92672K, 72% used [0x00000000c0000000,0x00000000c4136ab0,0x00000000c5a80000)
 Metaspace       used 53435K, committed 54464K, reserved 1114112K
  class space    used 5708K, committed 6144K, reserved 1048576K

Card table byte_map: [0x00000131581a0000,0x00000131583b0000] _byte_map_base: 0x0000013157ba0000

Marking Bits: (ParMarkBitMap*) 0x00007ffe6882d7d0
 Begin Bits: [0x000001316a4a0000, 0x000001316b4a0000)
 End Bits:   [0x000001316b4a0000, 0x000001316c4a0000)

Polling page: 0x0000013156720000

Metaspace:

Usage:
  Non-class:     46.61 MB used.
      Class:      5.57 MB used.
       Both:     52.18 MB used.

Virtual space:
  Non-class space:       64.00 MB reserved,      47.19 MB ( 74%) committed,  1 nodes.
      Class space:        1.00 GB reserved,       6.00 MB ( <1%) committed,  1 nodes.
             Both:        1.06 GB reserved,      53.19 MB (  5%) committed. 

Chunk freelists:
   Non-Class:  800.00 KB
       Class:  9.98 MB
        Both:  10.76 MB

MaxMetaspaceSize: unlimited
CompressedClassSpaceSize: 1.00 GB
Initial GC threshold: 21.00 MB
Current GC threshold: 87.12 MB
CDS: off
MetaspaceReclaimPolicy: balanced
 - commit_granule_bytes: 65536.
 - commit_granule_words: 8192.
 - virtual_space_node_default_size: 8388608.
 - enlarge_chunks_in_place: 1.
 - new_chunks_are_fully_committed: 0.
 - uncommit_free_chunks: 1.
 - use_allocation_guard: 0.
 - handle_deallocations: 1.


Internal statistics:

num_allocs_failed_limit: 6.
num_arena_births: 722.
num_arena_deaths: 14.
num_vsnodes_births: 2.
num_vsnodes_deaths: 0.
num_space_committed: 851.
num_space_uncommitted: 0.
num_chunks_returned_to_freelist: 20.
num_chunks_taken_from_freelist: 2844.
num_chunk_merges: 8.
num_chunk_splits: 1733.
num_chunks_enlarged: 946.
num_inconsistent_stats: 0.

CodeHeap 'non-profiled nmethods': size=119168Kb used=3899Kb max_used=3899Kb free=115268Kb
 bounds [0x0000013163040000, 0x0000013163410000, 0x000001316a4a0000]
CodeHeap 'profiled nmethods': size=119104Kb used=13946Kb max_used=13946Kb free=105157Kb
 bounds [0x000001315b4a0000, 0x000001315c250000, 0x00000131628f0000]
CodeHeap 'non-nmethods': size=7488Kb used=2988Kb max_used=3061Kb free=4499Kb
 bounds [0x00000131628f0000, 0x0000013162c00000, 0x0000013163040000]
 total_blobs=7209 nmethods=6581 adapters=537
 compilation: enabled
              stopped_count=0, restarted_count=0
 full_count=0

Compilation events (20 events):
Event: 6.619 Thread 0x0000013173970030 nmethod 7435 0x0000013163409d10 code [0x0000013163409ea0, 0x0000013163409f78]
Event: 6.622 Thread 0x0000013173970030 7436       3       com.google.inject.internal.asm.$MethodWriter::visitLdcInsn (215 bytes)
Event: 6.622 Thread 0x0000013171abef20 nmethod 7428 0x000001315c22bd10 code [0x000001315c22c620, 0x000001315c230538]
Event: 6.623 Thread 0x0000013173970030 nmethod 7436 0x000001315c232510 code [0x000001315c232780, 0x000001315c233308]
Event: 6.623 Thread 0x0000013171abef20 7438       3       com.google.inject.internal.InternalContext::close (38 bytes)
Event: 6.623 Thread 0x0000013171abef20 nmethod 7438 0x000001315c233790 code [0x000001315c233960, 0x000001315c233d28]
Event: 6.624 Thread 0x0000013173970030 7440       3       org.eclipse.osgi.container.ModuleDatabase::readLock (11 bytes)
Event: 6.624 Thread 0x0000013173970030 nmethod 7440 0x000001315c233e90 code [0x000001315c234040, 0x000001315c234288]
Event: 6.624 Thread 0x0000013173970030 7441       3       java.lang.invoke.DirectMethodHandle::makeAllocator (137 bytes)
Event: 6.625 Thread 0x0000013173970030 nmethod 7441 0x000001315c234410 code [0x000001315c234620, 0x000001315c234a78]
Event: 6.625 Thread 0x0000013158865670 7442       3       com.google.common.collect.AbstractMapBasedMultimap$WrappedCollection::contains (15 bytes)
Event: 6.625 Thread 0x0000013173970030 7443       3       com.google.common.collect.LinkedHashMultimap$ValueSet::contains (42 bytes)
Event: 6.625 Thread 0x0000013158865670 nmethod 7442 0x000001315c234d10 code [0x000001315c234ec0, 0x000001315c235158]
Event: 6.626 Thread 0x0000013173970030 nmethod 7443 0x000001315c235290 code [0x000001315c2354a0, 0x000001315c235c48]
Event: 6.626 Thread 0x0000013173970030 7444       3       org.eclipse.sisu.bean.BeanPropertyIterator::isSetter (51 bytes)
Event: 6.627 Thread 0x0000013158865670 7445       1       com.google.common.collect.SingletonImmutableSet::size (2 bytes)
Event: 6.627 Thread 0x0000013158865670 nmethod 7445 0x000001316340a010 code [0x000001316340a1a0, 0x000001316340a278]
Event: 6.627 Thread 0x0000013173970030 nmethod 7444 0x000001315c235f10 code [0x000001315c2361c0, 0x000001315c236f68]
Event: 6.630 Thread 0x0000013173970030 7447       3       org.eclipse.sisu.bean.BeanPropertyField::getName (8 bytes)
Event: 6.631 Thread 0x0000013173970030 nmethod 7447 0x000001315c237410 code [0x000001315c2375a0, 0x000001315c2376d8]

GC Heap History (20 events):
Event: 5.881 GC heap before
{Heap before GC invocations=27 (full 2):
 PSYoungGen      total 24576K, used 24110K [0x00000000eab00000, 0x00000000ec900000, 0x0000000100000000)
  eden space 20992K, 99% used [0x00000000eab00000,0x00000000ebf7ef70,0x00000000ebf80000)
  from space 3584K, 87% used [0x00000000ec580000,0x00000000ec88cc40,0x00000000ec900000)
  to   space 4096K, 0% used [0x00000000ec100000,0x00000000ec100000,0x00000000ec500000)
 ParOldGen       total 68608K, used 43934K [0x00000000c0000000, 0x00000000c4300000, 0x00000000eab00000)
  object space 68608K, 64% used [0x00000000c0000000,0x00000000c2ae7a18,0x00000000c4300000)
 Metaspace       used 50325K, committed 51328K, reserved 1114112K
  class space    used 5321K, committed 5760K, reserved 1048576K
}
Event: 5.884 GC heap after
{Heap after GC invocations=27 (full 2):
 PSYoungGen      total 24576K, used 3114K [0x00000000eab00000, 0x00000000ec680000, 0x0000000100000000)
  eden space 20992K, 0% used [0x00000000eab00000,0x00000000eab00000,0x00000000ebf80000)
  from space 3584K, 86% used [0x00000000ec100000,0x00000000ec40ab50,0x00000000ec480000)
  to   space 2048K, 0% used [0x00000000ec480000,0x00000000ec480000,0x00000000ec680000)
 ParOldGen       total 68608K, used 46815K [0x00000000c0000000, 0x00000000c4300000, 0x00000000eab00000)
  object space 68608K, 68% used [0x00000000c0000000,0x00000000c2db7e60,0x00000000c4300000)
 Metaspace       used 50325K, committed 51328K, reserved 1114112K
  class space    used 5321K, committed 5760K, reserved 1048576K
}
Event: 5.952 GC heap before
{Heap before GC invocations=28 (full 2):
 PSYoungGen      total 24576K, used 24106K [0x00000000eab00000, 0x00000000ec680000, 0x0000000100000000)
  eden space 20992K, 100% used [0x00000000eab00000,0x00000000ebf80000,0x00000000ebf80000)
  from space 3584K, 86% used [0x00000000ec100000,0x00000000ec40ab50,0x00000000ec480000)
  to   space 2048K, 0% used [0x00000000ec480000,0x00000000ec480000,0x00000000ec680000)
 ParOldGen       total 68608K, used 46815K [0x00000000c0000000, 0x00000000c4300000, 0x00000000eab00000)
  object space 68608K, 68% used [0x00000000c0000000,0x00000000c2db7e60,0x00000000c4300000)
 Metaspace       used 50639K, committed 51584K, reserved 1114112K
  class space    used 5359K, committed 5760K, reserved 1048576K
}
Event: 5.955 GC heap after
{Heap after GC invocations=28 (full 2):
 PSYoungGen      total 21504K, used 2017K [0x00000000eab00000, 0x00000000ecc80000, 0x0000000100000000)
  eden space 19456K, 0% used [0x00000000eab00000,0x00000000eab00000,0x00000000ebe00000)
  from space 2048K, 98% used [0x00000000ec480000,0x00000000ec678528,0x00000000ec680000)
  to   space 6656K, 0% used [0x00000000ebe00000,0x00000000ebe00000,0x00000000ec480000)
 ParOldGen       total 68608K, used 50730K [0x00000000c0000000, 0x00000000c4300000, 0x00000000eab00000)
  object space 68608K, 73% used [0x00000000c0000000,0x00000000c318abd0,0x00000000c4300000)
 Metaspace       used 50639K, committed 51584K, reserved 1114112K
  class space    used 5359K, committed 5760K, reserved 1048576K
}
Event: 6.036 GC heap before
{Heap before GC invocations=29 (full 2):
 PSYoungGen      total 21504K, used 21469K [0x00000000eab00000, 0x00000000ecc80000, 0x0000000100000000)
  eden space 19456K, 99% used [0x00000000eab00000,0x00000000ebdff050,0x00000000ebe00000)
  from space 2048K, 98% used [0x00000000ec480000,0x00000000ec678528,0x00000000ec680000)
  to   space 6656K, 0% used [0x00000000ebe00000,0x00000000ebe00000,0x00000000ec480000)
 ParOldGen       total 68608K, used 50730K [0x00000000c0000000, 0x00000000c4300000, 0x00000000eab00000)
  object space 68608K, 73% used [0x00000000c0000000,0x00000000c318abd0,0x00000000c4300000)
 Metaspace       used 50947K, committed 51904K, reserved 1114112K
  class space    used 5402K, committed 5824K, reserved 1048576K
}
Event: 6.040 GC heap after
{Heap after GC invocations=29 (full 2):
 PSYoungGen      total 22528K, used 2687K [0x00000000eab00000, 0x00000000ec600000, 0x0000000100000000)
  eden space 19456K, 0% used [0x00000000eab00000,0x00000000eab00000,0x00000000ebe00000)
  from space 3072K, 87% used [0x00000000ebe00000,0x00000000ec09fe20,0x00000000ec100000)
  to   space 4096K, 0% used [0x00000000ec200000,0x00000000ec200000,0x00000000ec600000)
 ParOldGen       total 68608K, used 52781K [0x00000000c0000000, 0x00000000c4300000, 0x00000000eab00000)
  object space 68608K, 76% used [0x00000000c0000000,0x00000000c338b520,0x00000000c4300000)
 Metaspace       used 50947K, committed 51904K, reserved 1114112K
  class space    used 5402K, committed 5824K, reserved 1048576K
}
Event: 6.127 GC heap before
{Heap before GC invocations=30 (full 2):
 PSYoungGen      total 22528K, used 22122K [0x00000000eab00000, 0x00000000ec600000, 0x0000000100000000)
  eden space 19456K, 99% used [0x00000000eab00000,0x00000000ebdfac90,0x00000000ebe00000)
  from space 3072K, 87% used [0x00000000ebe00000,0x00000000ec09fe20,0x00000000ec100000)
  to   space 4096K, 0% used [0x00000000ec200000,0x00000000ec200000,0x00000000ec600000)
 ParOldGen       total 68608K, used 52781K [0x00000000c0000000, 0x00000000c4300000, 0x00000000eab00000)
  object space 68608K, 76% used [0x00000000c0000000,0x00000000c338b520,0x00000000c4300000)
 Metaspace       used 51488K, committed 52480K, reserved 1114112K
  class space    used 5463K, committed 5888K, reserved 1048576K
}
Event: 6.131 GC heap after
{Heap after GC invocations=30 (full 2):
 PSYoungGen      total 23552K, used 3447K [0x00000000eab00000, 0x00000000ec600000, 0x0000000100000000)
  eden space 19456K, 0% used [0x00000000eab00000,0x00000000eab00000,0x00000000ebe00000)
  from space 4096K, 84% used [0x00000000ec200000,0x00000000ec55de60,0x00000000ec600000)
  to   space 4096K, 0% used [0x00000000ebe00000,0x00000000ebe00000,0x00000000ec200000)
 ParOldGen       total 68608K, used 55369K [0x00000000c0000000, 0x00000000c4300000, 0x00000000eab00000)
  object space 68608K, 80% used [0x00000000c0000000,0x00000000c3612420,0x00000000c4300000)
 Metaspace       used 51488K, committed 52480K, reserved 1114112K
  class space    used 5463K, committed 5888K, reserved 1048576K
}
Event: 6.213 GC heap before
{Heap before GC invocations=31 (full 2):
 PSYoungGen      total 23552K, used 22903K [0x00000000eab00000, 0x00000000ec600000, 0x0000000100000000)
  eden space 19456K, 100% used [0x00000000eab00000,0x00000000ebe00000,0x00000000ebe00000)
  from space 4096K, 84% used [0x00000000ec200000,0x00000000ec55de60,0x00000000ec600000)
  to   space 4096K, 0% used [0x00000000ebe00000,0x00000000ebe00000,0x00000000ec200000)
 ParOldGen       total 68608K, used 55369K [0x00000000c0000000, 0x00000000c4300000, 0x00000000eab00000)
  object space 68608K, 80% used [0x00000000c0000000,0x00000000c3612420,0x00000000c4300000)
 Metaspace       used 51806K, committed 52800K, reserved 1114112K
  class space    used 5506K, committed 5952K, reserved 1048576K
}
Event: 6.218 GC heap after
{Heap after GC invocations=31 (full 2):
 PSYoungGen      total 22528K, used 2913K [0x00000000eab00000, 0x00000000ec500000, 0x0000000100000000)
  eden space 19456K, 0% used [0x00000000eab00000,0x00000000eab00000,0x00000000ebe00000)
  from space 3072K, 94% used [0x00000000ebe00000,0x00000000ec0d87c8,0x00000000ec100000)
  to   space 3584K, 0% used [0x00000000ec180000,0x00000000ec180000,0x00000000ec500000)
 ParOldGen       total 68608K, used 58575K [0x00000000c0000000, 0x00000000c4300000, 0x00000000eab00000)
  object space 68608K, 85% used [0x00000000c0000000,0x00000000c3933cf8,0x00000000c4300000)
 Metaspace       used 51806K, committed 52800K, reserved 1114112K
  class space    used 5506K, committed 5952K, reserved 1048576K
}
Event: 6.291 GC heap before
{Heap before GC invocations=32 (full 2):
 PSYoungGen      total 22528K, used 22369K [0x00000000eab00000, 0x00000000ec500000, 0x0000000100000000)
  eden space 19456K, 100% used [0x00000000eab00000,0x00000000ebe00000,0x00000000ebe00000)
  from space 3072K, 94% used [0x00000000ebe00000,0x00000000ec0d87c8,0x00000000ec100000)
  to   space 3584K, 0% used [0x00000000ec180000,0x00000000ec180000,0x00000000ec500000)
 ParOldGen       total 68608K, used 58575K [0x00000000c0000000, 0x00000000c4300000, 0x00000000eab00000)
  object space 68608K, 85% used [0x00000000c0000000,0x00000000c3933cf8,0x00000000c4300000)
 Metaspace       used 52021K, committed 52992K, reserved 1114112K
  class space    used 5536K, committed 5952K, reserved 1048576K
}
Event: 6.294 GC heap after
{Heap after GC invocations=32 (full 2):
 PSYoungGen      total 23040K, used 3285K [0x00000000eab00000, 0x00000000ec500000, 0x0000000100000000)
  eden space 19456K, 0% used [0x00000000eab00000,0x00000000eab00000,0x00000000ebe00000)
  from space 3584K, 91% used [0x00000000ec180000,0x00000000ec4b54b0,0x00000000ec500000)
  to   space 3584K, 0% used [0x00000000ebe00000,0x00000000ebe00000,0x00000000ec180000)
 ParOldGen       total 68608K, used 61354K [0x00000000c0000000, 0x00000000c4300000, 0x00000000eab00000)
  object space 68608K, 89% used [0x00000000c0000000,0x00000000c3beab78,0x00000000c4300000)
 Metaspace       used 52021K, committed 52992K, reserved 1114112K
  class space    used 5536K, committed 5952K, reserved 1048576K
}
Event: 6.364 GC heap before
{Heap before GC invocations=33 (full 2):
 PSYoungGen      total 23040K, used 22741K [0x00000000eab00000, 0x00000000ec500000, 0x0000000100000000)
  eden space 19456K, 100% used [0x00000000eab00000,0x00000000ebe00000,0x00000000ebe00000)
  from space 3584K, 91% used [0x00000000ec180000,0x00000000ec4b54b0,0x00000000ec500000)
  to   space 3584K, 0% used [0x00000000ebe00000,0x00000000ebe00000,0x00000000ec180000)
 ParOldGen       total 68608K, used 61354K [0x00000000c0000000, 0x00000000c4300000, 0x00000000eab00000)
  object space 68608K, 89% used [0x00000000c0000000,0x00000000c3beab78,0x00000000c4300000)
 Metaspace       used 52303K, committed 53312K, reserved 1114112K
  class space    used 5574K, committed 6016K, reserved 1048576K
}
Event: 6.367 GC heap after
{Heap after GC invocations=33 (full 2):
 PSYoungGen      total 22528K, used 2920K [0x00000000eab00000, 0x00000000ec400000, 0x0000000100000000)
  eden space 19456K, 0% used [0x00000000eab00000,0x00000000eab00000,0x00000000ebe00000)
  from space 3072K, 95% used [0x00000000ebe00000,0x00000000ec0da0e8,0x00000000ec100000)
  to   space 3072K, 0% used [0x00000000ec100000,0x00000000ec100000,0x00000000ec400000)
 ParOldGen       total 68608K, used 64443K [0x00000000c0000000, 0x00000000c4300000, 0x00000000eab00000)
  object space 68608K, 93% used [0x00000000c0000000,0x00000000c3eeed80,0x00000000c4300000)
 Metaspace       used 52303K, committed 53312K, reserved 1114112K
  class space    used 5574K, committed 6016K, reserved 1048576K
}
Event: 6.424 GC heap before
{Heap before GC invocations=34 (full 2):
 PSYoungGen      total 22528K, used 22376K [0x00000000eab00000, 0x00000000ec400000, 0x0000000100000000)
  eden space 19456K, 100% used [0x00000000eab00000,0x00000000ebe00000,0x00000000ebe00000)
  from space 3072K, 95% used [0x00000000ebe00000,0x00000000ec0da0e8,0x00000000ec100000)
  to   space 3072K, 0% used [0x00000000ec100000,0x00000000ec100000,0x00000000ec400000)
 ParOldGen       total 68608K, used 64443K [0x00000000c0000000, 0x00000000c4300000, 0x00000000eab00000)
  object space 68608K, 93% used [0x00000000c0000000,0x00000000c3eeed98,0x00000000c4300000)
 Metaspace       used 52470K, committed 53504K, reserved 1114112K
  class space    used 5600K, committed 6016K, reserved 1048576K
}
Event: 6.427 GC heap after
{Heap after GC invocations=34 (full 2):
 PSYoungGen      total 22016K, used 3067K [0x00000000eab00000, 0x00000000ec500000, 0x0000000100000000)
  eden space 18944K, 0% used [0x00000000eab00000,0x00000000eab00000,0x00000000ebd80000)
  from space 3072K, 99% used [0x00000000ec100000,0x00000000ec3fef30,0x00000000ec400000)
  to   space 3584K, 0% used [0x00000000ebd80000,0x00000000ebd80000,0x00000000ec100000)
 ParOldGen       total 68608K, used 67216K [0x00000000c0000000, 0x00000000c4300000, 0x00000000eab00000)
  object space 68608K, 97% used [0x00000000c0000000,0x00000000c41a4368,0x00000000c4300000)
 Metaspace       used 52470K, committed 53504K, reserved 1114112K
  class space    used 5600K, committed 6016K, reserved 1048576K
}
Event: 6.427 GC heap before
{Heap before GC invocations=35 (full 3):
 PSYoungGen      total 22016K, used 3067K [0x00000000eab00000, 0x00000000ec500000, 0x0000000100000000)
  eden space 18944K, 0% used [0x00000000eab00000,0x00000000eab00000,0x00000000ebd80000)
  from space 3072K, 99% used [0x00000000ec100000,0x00000000ec3fef30,0x00000000ec400000)
  to   space 3584K, 0% used [0x00000000ebd80000,0x00000000ebd80000,0x00000000ec100000)
 ParOldGen       total 68608K, used 67216K [0x00000000c0000000, 0x00000000c4300000, 0x00000000eab00000)
  object space 68608K, 97% used [0x00000000c0000000,0x00000000c41a4368,0x00000000c4300000)
 Metaspace       used 52470K, committed 53504K, reserved 1114112K
  class space    used 5600K, committed 6016K, reserved 1048576K
}
Event: 6.482 GC heap after
{Heap after GC invocations=35 (full 3):
 PSYoungGen      total 22528K, used 0K [0x00000000eab00000, 0x00000000ec480000, 0x0000000100000000)
  eden space 18944K, 0% used [0x00000000eab00000,0x00000000eab00000,0x00000000ebd80000)
  from space 3584K, 0% used [0x00000000ebd80000,0x00000000ebd80000,0x00000000ec100000)
  to   space 3584K, 0% used [0x00000000ec100000,0x00000000ec100000,0x00000000ec480000)
 ParOldGen       total 92672K, used 64282K [0x00000000c0000000, 0x00000000c5a80000, 0x00000000eab00000)
  object space 92672K, 69% used [0x00000000c0000000,0x00000000c3ec6a60,0x00000000c5a80000)
 Metaspace       used 52470K, committed 53504K, reserved 1114112K
  class space    used 5600K, committed 6016K, reserved 1048576K
}
Event: 6.553 GC heap before
{Heap before GC invocations=36 (full 3):
 PSYoungGen      total 22528K, used 18944K [0x00000000eab00000, 0x00000000ec480000, 0x0000000100000000)
  eden space 18944K, 100% used [0x00000000eab00000,0x00000000ebd80000,0x00000000ebd80000)
  from space 3584K, 0% used [0x00000000ebd80000,0x00000000ebd80000,0x00000000ec100000)
  to   space 3584K, 0% used [0x00000000ec100000,0x00000000ec100000,0x00000000ec480000)
 ParOldGen       total 92672K, used 64284K [0x00000000c0000000, 0x00000000c5a80000, 0x00000000eab00000)
  object space 92672K, 69% used [0x00000000c0000000,0x00000000c3ec7390,0x00000000c5a80000)
 Metaspace       used 52780K, committed 53824K, reserved 1114112K
  class space    used 5653K, committed 6080K, reserved 1048576K
}
Event: 6.555 GC heap after
{Heap after GC invocations=36 (full 3):
 PSYoungGen      total 22016K, used 2617K [0x00000000eab00000, 0x00000000ec400000, 0x0000000100000000)
  eden space 18944K, 0% used [0x00000000eab00000,0x00000000eab00000,0x00000000ebd80000)
  from space 3072K, 85% used [0x00000000ec100000,0x00000000ec38e748,0x00000000ec400000)
  to   space 3072K, 0% used [0x00000000ebe00000,0x00000000ebe00000,0x00000000ec100000)
 ParOldGen       total 92672K, used 64292K [0x00000000c0000000, 0x00000000c5a80000, 0x00000000eab00000)
  object space 92672K, 69% used [0x00000000c0000000,0x00000000c3ec9390,0x00000000c5a80000)
 Metaspace       used 52780K, committed 53824K, reserved 1114112K
  class space    used 5653K, committed 6080K, reserved 1048576K
}

Dll operation events (10 events):
Event: 0.010 Loaded shared library c:\Users\NGUYEN VAN TUAN\.vscode\extensions\redhat.java-1.28.1-win32-x64\jre\17.0.10-win32-x86_64\bin\java.dll
Event: 0.148 Loaded shared library c:\Users\NGUYEN VAN TUAN\.vscode\extensions\redhat.java-1.28.1-win32-x64\jre\17.0.10-win32-x86_64\bin\zip.dll
Event: 0.152 Loaded shared library C:\Users\NGUYEN VAN TUAN\.vscode\extensions\redhat.java-1.28.1-win32-x64\jre\17.0.10-win32-x86_64\bin\instrument.dll
Event: 0.168 Loaded shared library C:\Users\NGUYEN VAN TUAN\.vscode\extensions\redhat.java-1.28.1-win32-x64\jre\17.0.10-win32-x86_64\bin\net.dll
Event: 0.171 Loaded shared library C:\Users\NGUYEN VAN TUAN\.vscode\extensions\redhat.java-1.28.1-win32-x64\jre\17.0.10-win32-x86_64\bin\nio.dll
Event: 0.177 Loaded shared library C:\Users\NGUYEN VAN TUAN\.vscode\extensions\redhat.java-1.28.1-win32-x64\jre\17.0.10-win32-x86_64\bin\zip.dll
Event: 0.194 Loaded shared library C:\Users\NGUYEN VAN TUAN\.vscode\extensions\redhat.java-1.28.1-win32-x64\jre\17.0.10-win32-x86_64\bin\jimage.dll
Event: 0.264 Loaded shared library c:\Users\NGUYEN VAN TUAN\.vscode\extensions\redhat.java-1.28.1-win32-x64\jre\17.0.10-win32-x86_64\bin\verify.dll
Event: 1.359 Loaded shared library C:\Users\NGUYEN VAN TUAN\AppData\Roaming\Code\User\globalStorage\redhat.java\1.28.1\config_win\org.eclipse.equinox.launcher\org.eclipse.equinox.launcher.win32.win32.x86_64_1.2.900.v20240129-1338\eclipse_11900.dll
Event: 4.281 Loaded shared library C:\Users\NGUYEN VAN TUAN\AppData\Local\Temp\jna--682492731\jna17630510945172138018.dll

Deoptimization events (20 events):
Event: 6.568 Thread 0x0000013174a235d0 DEOPT PACKING pc=0x000001315c1d2405 sp=0x00000011257fe890
Event: 6.568 Thread 0x0000013174a235d0 DEOPT UNPACKING pc=0x0000013162946e43 sp=0x00000011257fddb8 mode 0
Event: 6.581 Thread 0x0000013174a235d0 DEOPT PACKING pc=0x000001315c1d2405 sp=0x00000011257fe890
Event: 6.581 Thread 0x0000013174a235d0 DEOPT UNPACKING pc=0x0000013162946e43 sp=0x00000011257fddb8 mode 0
Event: 6.586 Thread 0x0000013174a230c0 Uncommon trap: trap_request=0x000000e1 fr.pc=0x00000131632895e4 relative=0x00000000000000c4
Event: 6.586 Thread 0x0000013174a230c0 Uncommon trap: reason=unloaded action=reinterpret pc=0x00000131632895e4 method=org.codehaus.plexus.util.xml.pull.MXParser.more()C @ 22 c2
Event: 6.586 Thread 0x0000013174a230c0 DEOPT PACKING pc=0x00000131632895e4 sp=0x00000011258fee60
Event: 6.587 Thread 0x0000013174a230c0 DEOPT UNPACKING pc=0x00000131629466a3 sp=0x00000011258fee00 mode 2
Event: 6.604 Thread 0x0000013174a235d0 DEOPT PACKING pc=0x000001315c1d2405 sp=0x00000011257fe890
Event: 6.604 Thread 0x0000013174a235d0 DEOPT UNPACKING pc=0x0000013162946e43 sp=0x00000011257fddb8 mode 0
Event: 6.610 Thread 0x0000013174a23ae0 Uncommon trap: trap_request=0xffffffc6 fr.pc=0x00000131633f192c relative=0x00000000000006ec
Event: 6.610 Thread 0x0000013174a23ae0 Uncommon trap: reason=bimorphic_or_optimized_type_check action=maybe_recompile pc=0x00000131633f192c method=org.eclipse.core.internal.dtree.DeltaDataTree.searchNodeAt(Lorg/eclipse/core/runtime/IPath;)Lorg/eclipse/core/internal/dtree/AbstractDataTreeNode; 
Event: 6.610 Thread 0x0000013174a23ae0 DEOPT PACKING pc=0x00000131633f192c sp=0x00000011254ff2a0
Event: 6.610 Thread 0x0000013174a23ae0 DEOPT UNPACKING pc=0x00000131629466a3 sp=0x00000011254ff248 mode 2
Event: 6.610 Thread 0x0000013174a23ae0 Uncommon trap: trap_request=0xffffff45 fr.pc=0x00000131633ff8ec relative=0x00000000000019ac
Event: 6.610 Thread 0x0000013174a23ae0 Uncommon trap: reason=unstable_if action=reinterpret pc=0x00000131633ff8ec method=org.eclipse.core.internal.dtree.AbstractDataTreeNode.assembleWith(Lorg/eclipse/core/internal/dtree/AbstractDataTreeNode;Lorg/eclipse/core/runtime/IPath;I)Lorg/eclipse/core/i
Event: 6.610 Thread 0x0000013174a23ae0 DEOPT PACKING pc=0x00000131633ff8ec sp=0x00000011254ff200
Event: 6.610 Thread 0x0000013174a23ae0 DEOPT UNPACKING pc=0x00000131629466a3 sp=0x00000011254ff1d0 mode 2
Event: 6.627 Thread 0x0000013174a235d0 DEOPT PACKING pc=0x000001315c1d2405 sp=0x00000011257fe890
Event: 6.627 Thread 0x0000013174a235d0 DEOPT UNPACKING pc=0x0000013162946e43 sp=0x00000011257fddb8 mode 0

Classes unloaded (7 events):
Event: 4.055 Thread 0x000001316c699840 Unloading class 0x0000000100252400 'java/lang/invoke/LambdaForm$MH+0x0000000100252400'
Event: 4.055 Thread 0x000001316c699840 Unloading class 0x0000000100252000 'java/lang/invoke/LambdaForm$MH+0x0000000100252000'
Event: 4.055 Thread 0x000001316c699840 Unloading class 0x0000000100251c00 'java/lang/invoke/LambdaForm$MH+0x0000000100251c00'
Event: 4.055 Thread 0x000001316c699840 Unloading class 0x0000000100251800 'java/lang/invoke/LambdaForm$MH+0x0000000100251800'
Event: 4.055 Thread 0x000001316c699840 Unloading class 0x0000000100251400 'java/lang/invoke/LambdaForm$BMH+0x0000000100251400'
Event: 4.055 Thread 0x000001316c699840 Unloading class 0x0000000100251000 'java/lang/invoke/LambdaForm$DMH+0x0000000100251000'
Event: 4.055 Thread 0x000001316c699840 Unloading class 0x000000010024c400 'java/lang/invoke/LambdaForm$DMH+0x000000010024c400'

Classes redefined (0 events):
No events

Internal exceptions (20 events):
Event: 4.711 Thread 0x0000013174a230c0 Exception <a 'java/lang/NoSuchMethodError'{0x00000000ebbcdac0}: 'int java.lang.invoke.DirectMethodHandle$Holder.invokeSpecialIFC(java.lang.Object, java.lang.Object, java.lang.Object, java.lang.Object, java.lang.Object)'> (0x00000000ebbcdac0) 
thrown [s\src\hotspot\share\interpreter\linkResolver.cpp, line 759]
Event: 4.757 Thread 0x0000013158803040 Exception <a 'java/lang/NoSuchMethodError'{0x00000000eb6ba9f8}: 'void java.lang.invoke.DirectMethodHandle$Holder.invokeSpecial(java.lang.Object, java.lang.Object, java.lang.Object, java.lang.Object, java.lang.Object, java.lang.Object)'> (0x00000000eb6ba9f8) 
thrown [s\src\hotspot\share\interpreter\linkResolver.cpp, line 759]
Event: 4.759 Thread 0x0000013158803040 Exception <a 'java/lang/IncompatibleClassChangeError'{0x00000000eb6c4228}: Found class java.lang.Object, but interface was expected> (0x00000000eb6c4228) 
thrown [s\src\hotspot\share\interpreter\linkResolver.cpp, line 826]
Event: 4.797 Thread 0x0000013174a23ae0 Exception <a 'java/io/FileNotFoundException'{0x00000000eb964838}> (0x00000000eb964838) 
thrown [s\src\hotspot\share\prims\jni.cpp, line 516]
Event: 4.912 Thread 0x0000013174a230c0 Exception <a 'java/lang/NoClassDefFoundError'{0x00000000eaec2f78}: javax/enterprise/inject/Typed> (0x00000000eaec2f78) 
thrown [s\src\hotspot\share\classfile\systemDictionary.cpp, line 245]
Event: 5.088 Thread 0x0000013174a23ae0 Exception <a 'java/io/FileNotFoundException'{0x00000000eab19370}> (0x00000000eab19370) 
thrown [s\src\hotspot\share\prims\jni.cpp, line 516]
Event: 5.285 Thread 0x00000131765c34a0 Exception <a 'java/io/FileNotFoundException'{0x00000000eaef4db8}> (0x00000000eaef4db8) 
thrown [s\src\hotspot\share\prims\jni.cpp, line 516]
Event: 5.331 Thread 0x00000131765c34a0 Exception <a 'sun/nio/fs/WindowsException'{0x00000000eb755278}> (0x00000000eb755278) 
thrown [s\src\hotspot\share\prims\jni.cpp, line 516]
Event: 5.344 Thread 0x0000013174a26360 Exception <a 'java/lang/NoSuchMethodError'{0x00000000eba69bc8}: 'int java.lang.invoke.DirectMethodHandle$Holder.invokeSpecialIFC(java.lang.Object, java.lang.Object, java.lang.Object, java.lang.Object)'> (0x00000000eba69bc8) 
thrown [s\src\hotspot\share\interpreter\linkResolver.cpp, line 759]
Event: 5.412 Thread 0x0000013174a235d0 Implicit null exception at 0x000001316307f92c to 0x000001316307fa2c
Event: 5.431 Thread 0x0000013174a26360 Exception <a 'java/io/FileNotFoundException'{0x00000000eb78c318}> (0x00000000eb78c318) 
thrown [s\src\hotspot\share\prims\jni.cpp, line 516]
Event: 5.432 Thread 0x0000013174a26360 Exception <a 'java/io/FileNotFoundException'{0x00000000eb7aeb48}> (0x00000000eb7aeb48) 
thrown [s\src\hotspot\share\prims\jni.cpp, line 516]
Event: 5.432 Thread 0x0000013174a26360 Exception <a 'java/io/FileNotFoundException'{0x00000000eb7af8f8}> (0x00000000eb7af8f8) 
thrown [s\src\hotspot\share\prims\jni.cpp, line 516]
Event: 6.051 Thread 0x0000013174a230c0 Exception <a 'java/lang/ExceptionInInitializerError'{0x00000000ead4bed0}> (0x00000000ead4bed0) 
thrown [s\src\hotspot\share\oops\instanceKlass.cpp, line 1218]
Event: 6.088 Thread 0x0000013174a230c0 Implicit null exception at 0x0000013163167daf to 0x0000013163167f3c
Event: 6.088 Thread 0x0000013174a230c0 Implicit null exception at 0x00000131630d7589 to 0x00000131630d8934
Event: 6.090 Thread 0x0000013174a230c0 Exception <a 'java/lang/NoSuchMethodError'{0x00000000eb73f7a8}: 'java.lang.Object java.lang.invoke.Invokers$Holder.invokeExact_MT(java.lang.Object, int, java.lang.Object)'> (0x00000000eb73f7a8) 
thrown [s\src\hotspot\share\interpreter\linkResolver.cpp, line 759]
Event: 6.105 Thread 0x0000013174a230c0 Exception <a 'java/lang/NoSuchMethodError'{0x00000000ebab53f8}: 'int java.lang.invoke.DirectMethodHandle$Holder.invokeSpecial(java.lang.Object, java.lang.Object, java.lang.Object, java.lang.Object)'> (0x00000000ebab53f8) 
thrown [s\src\hotspot\share\interpreter\linkResolver.cpp, line 759]
Event: 6.499 Thread 0x0000013174a235d0 Implicit null exception at 0x00000131633dcaf4 to 0x00000131633e0314
Event: 6.553 Thread 0x0000013174a230c0 Exception <a 'java/lang/NoClassDefFoundError'{0x00000000ebd53020}: com/google/inject/servlet/ServletModuleTargetVisitor> (0x00000000ebd53020) 
thrown [s\src\hotspot\share\classfile\systemDictionary.cpp, line 245]

VM Operations (20 events):
Event: 6.127 Executing VM operation: ParallelGCFailedAllocation
Event: 6.131 Executing VM operation: ParallelGCFailedAllocation done
Event: 6.147 Executing VM operation: HandshakeAllThreads
Event: 6.147 Executing VM operation: HandshakeAllThreads done
Event: 6.213 Executing VM operation: ParallelGCFailedAllocation
Event: 6.218 Executing VM operation: ParallelGCFailedAllocation done
Event: 6.291 Executing VM operation: ParallelGCFailedAllocation
Event: 6.294 Executing VM operation: ParallelGCFailedAllocation done
Event: 6.364 Executing VM operation: ParallelGCFailedAllocation
Event: 6.367 Executing VM operation: ParallelGCFailedAllocation done
Event: 6.380 Executing VM operation: HandshakeAllThreads
Event: 6.380 Executing VM operation: HandshakeAllThreads done
Event: 6.408 Executing VM operation: HandshakeAllThreads
Event: 6.408 Executing VM operation: HandshakeAllThreads done
Event: 6.424 Executing VM operation: ParallelGCFailedAllocation
Event: 6.424 Executing VM operation: ParallelGCFailedAllocation done
Event: 6.424 Executing VM operation: ParallelGCSystemGC
Event: 6.482 Executing VM operation: ParallelGCSystemGC done
Event: 6.553 Executing VM operation: ParallelGCFailedAllocation
Event: 6.555 Executing VM operation: ParallelGCFailedAllocation done

Events (20 events):
Event: 5.717 loading class java/util/concurrent/CompletionService done
Event: 5.753 loading class sun/reflect/generics/scope/ConstructorScope
Event: 5.753 loading class sun/reflect/generics/scope/ConstructorScope done
Event: 5.753 loading class sun/reflect/generics/tree/VoidDescriptor
Event: 5.753 loading class sun/reflect/generics/tree/VoidDescriptor done
Event: 5.830 loading class java/nio/channels/SocketChannel
Event: 5.830 loading class java/nio/channels/NetworkChannel
Event: 5.830 loading class java/nio/channels/NetworkChannel done
Event: 5.830 loading class java/nio/channels/spi/AbstractSelectableChannel
Event: 5.830 loading class java/nio/channels/spi/AbstractSelectableChannel done
Event: 5.831 loading class java/nio/channels/SocketChannel done
Event: 5.832 loading class java/nio/channels/ServerSocketChannel
Event: 5.832 loading class java/nio/channels/ServerSocketChannel done
Event: 6.050 loading class java/lang/ExceptionInInitializerError
Event: 6.050 loading class java/lang/ExceptionInInitializerError done
Event: 6.089 loading class java/util/function/ToIntFunction
Event: 6.089 loading class java/util/function/ToIntFunction done
Event: 6.392 Thread 0x0000013171abf920 flushing nmethod 0x000001315bf07910
Event: 6.578 loading class java/lang/ProcessEnvironment$CheckedKeySet
Event: 6.578 loading class java/lang/ProcessEnvironment$CheckedKeySet done


Dynamic libraries:
0x00007ff73c3c0000 - 0x00007ff73c3ce000 	c:\Users\NGUYEN VAN TUAN\.vscode\extensions\redhat.java-1.28.1-win32-x64\jre\17.0.10-win32-x86_64\bin\java.exe
0x00007ffec1670000 - 0x00007ffec1868000 	C:\Windows\SYSTEM32\ntdll.dll
0x00007ffec0c40000 - 0x00007ffec0cfd000 	C:\Windows\System32\KERNEL32.DLL
0x00007ffebf3b0000 - 0x00007ffebf6a6000 	C:\Windows\System32\KERNELBASE.dll
0x00007ffebf000000 - 0x00007ffebf100000 	C:\Windows\System32\ucrtbase.dll
0x00007ffe94e60000 - 0x00007ffe94e77000 	c:\Users\NGUYEN VAN TUAN\.vscode\extensions\redhat.java-1.28.1-win32-x64\jre\17.0.10-win32-x86_64\bin\jli.dll
0x00007ffe91ad0000 - 0x00007ffe91aeb000 	c:\Users\NGUYEN VAN TUAN\.vscode\extensions\redhat.java-1.28.1-win32-x64\jre\17.0.10-win32-x86_64\bin\VCRUNTIME140.dll
0x00007ffebfff0000 - 0x00007ffec018e000 	C:\Windows\System32\USER32.dll
0x00007ffebedc0000 - 0x00007ffebede2000 	C:\Windows\System32\win32u.dll
0x00007ffea97c0000 - 0x00007ffea9a5a000 	C:\Windows\WinSxS\amd64_microsoft.windows.common-controls_6595b64144ccf1df_6.0.19041.3636_none_60b6a03d71f818d5\COMCTL32.dll
0x00007ffebf710000 - 0x00007ffebf73b000 	C:\Windows\System32\GDI32.dll
0x00007ffebee90000 - 0x00007ffebefa7000 	C:\Windows\System32\gdi32full.dll
0x00007ffec02b0000 - 0x00007ffec034e000 	C:\Windows\System32\msvcrt.dll
0x00007ffebf310000 - 0x00007ffebf3ad000 	C:\Windows\System32\msvcp_win.dll
0x00007ffec0350000 - 0x00007ffec0382000 	C:\Windows\System32\IMM32.DLL
0x00007ffeba650000 - 0x00007ffeba65c000 	c:\Users\NGUYEN VAN TUAN\.vscode\extensions\redhat.java-1.28.1-win32-x64\jre\17.0.10-win32-x86_64\bin\vcruntime140_1.dll
0x00007ffe71920000 - 0x00007ffe719ad000 	c:\Users\NGUYEN VAN TUAN\.vscode\extensions\redhat.java-1.28.1-win32-x64\jre\17.0.10-win32-x86_64\bin\msvcp140.dll
0x00007ffe67c90000 - 0x00007ffe688f2000 	c:\Users\NGUYEN VAN TUAN\.vscode\extensions\redhat.java-1.28.1-win32-x64\jre\17.0.10-win32-x86_64\bin\server\jvm.dll
0x00007ffec1450000 - 0x00007ffec1503000 	C:\Windows\System32\ADVAPI32.dll
0x00007ffec0190000 - 0x00007ffec022f000 	C:\Windows\System32\sechost.dll
0x00007ffec1320000 - 0x00007ffec1446000 	C:\Windows\System32\RPCRT4.dll
0x00007ffebedf0000 - 0x00007ffebee17000 	C:\Windows\System32\bcrypt.dll
0x00007ffebe2d0000 - 0x00007ffebe31b000 	C:\Windows\SYSTEM32\POWRPROF.dll
0x00007ffeb7d10000 - 0x00007ffeb7d1a000 	C:\Windows\SYSTEM32\VERSION.dll
0x00007ffea1f70000 - 0x00007ffea1f79000 	C:\Windows\SYSTEM32\WSOCK32.dll
0x00007ffeade10000 - 0x00007ffeade37000 	C:\Windows\SYSTEM32\WINMM.dll
0x00007ffec0bd0000 - 0x00007ffec0c3b000 	C:\Windows\System32\WS2_32.dll
0x00007ffebe140000 - 0x00007ffebe152000 	C:\Windows\SYSTEM32\UMPDC.dll
0x00007ffebd570000 - 0x00007ffebd582000 	C:\Windows\SYSTEM32\kernel.appcore.dll
0x00007ffeb67d0000 - 0x00007ffeb67da000 	c:\Users\NGUYEN VAN TUAN\.vscode\extensions\redhat.java-1.28.1-win32-x64\jre\17.0.10-win32-x86_64\bin\jimage.dll
0x00007ffebcbb0000 - 0x00007ffebcd94000 	C:\Windows\SYSTEM32\DBGHELP.DLL
0x00007ffea7f60000 - 0x00007ffea7f94000 	C:\Windows\SYSTEM32\dbgcore.DLL
0x00007ffebed30000 - 0x00007ffebedb2000 	C:\Windows\System32\bcryptPrimitives.dll
0x00007ffea4120000 - 0x00007ffea412e000 	c:\Users\NGUYEN VAN TUAN\.vscode\extensions\redhat.java-1.28.1-win32-x64\jre\17.0.10-win32-x86_64\bin\instrument.dll
0x00007ffe713a0000 - 0x00007ffe713c5000 	c:\Users\NGUYEN VAN TUAN\.vscode\extensions\redhat.java-1.28.1-win32-x64\jre\17.0.10-win32-x86_64\bin\java.dll
0x00007ffe8ef70000 - 0x00007ffe8ef88000 	c:\Users\NGUYEN VAN TUAN\.vscode\extensions\redhat.java-1.28.1-win32-x64\jre\17.0.10-win32-x86_64\bin\zip.dll
0x00007ffebf8a0000 - 0x00007ffebffe5000 	C:\Windows\System32\SHELL32.dll
0x00007ffebcdc0000 - 0x00007ffebd55c000 	C:\Windows\SYSTEM32\windows.storage.dll
0x00007ffec0580000 - 0x00007ffec08d4000 	C:\Windows\System32\combase.dll
0x00007ffebe760000 - 0x00007ffebe78e000 	C:\Windows\SYSTEM32\Wldp.dll
0x00007ffec04b0000 - 0x00007ffec057d000 	C:\Windows\System32\OLEAUT32.dll
0x00007ffec1510000 - 0x00007ffec15bd000 	C:\Windows\System32\SHCORE.dll
0x00007ffebf760000 - 0x00007ffebf7b5000 	C:\Windows\System32\shlwapi.dll
0x00007ffebec60000 - 0x00007ffebec85000 	C:\Windows\SYSTEM32\profapi.dll
0x00007ffe90510000 - 0x00007ffe90529000 	C:\Users\NGUYEN VAN TUAN\.vscode\extensions\redhat.java-1.28.1-win32-x64\jre\17.0.10-win32-x86_64\bin\net.dll
0x00007ffeb8060000 - 0x00007ffeb816a000 	C:\Windows\SYSTEM32\WINHTTP.dll
0x00007ffebe4c0000 - 0x00007ffebe52a000 	C:\Windows\system32\mswsock.dll
0x00007ffe8eec0000 - 0x00007ffe8eed6000 	C:\Users\NGUYEN VAN TUAN\.vscode\extensions\redhat.java-1.28.1-win32-x64\jre\17.0.10-win32-x86_64\bin\nio.dll
0x00007ffe9c120000 - 0x00007ffe9c130000 	c:\Users\NGUYEN VAN TUAN\.vscode\extensions\redhat.java-1.28.1-win32-x64\jre\17.0.10-win32-x86_64\bin\verify.dll
0x00007ffe718a0000 - 0x00007ffe718de000 	C:\Users\NGUYEN VAN TUAN\AppData\Roaming\Code\User\globalStorage\redhat.java\1.28.1\config_win\org.eclipse.equinox.launcher\org.eclipse.equinox.launcher.win32.win32.x86_64_1.2.900.v20240129-1338\eclipse_11900.dll
0x00007ffec0aa0000 - 0x00007ffec0bcb000 	C:\Windows\System32\ole32.dll
0x00007ffebe6c0000 - 0x00007ffebe6d8000 	C:\Windows\SYSTEM32\CRYPTSP.dll
0x00007ffebdd80000 - 0x00007ffebddb4000 	C:\Windows\system32\rsaenh.dll
0x00007ffebebe0000 - 0x00007ffebec0e000 	C:\Windows\SYSTEM32\USERENV.dll
0x00007ffebe6b0000 - 0x00007ffebe6bc000 	C:\Windows\SYSTEM32\CRYPTBASE.dll
0x00007ffebe160000 - 0x00007ffebe19b000 	C:\Windows\SYSTEM32\IPHLPAPI.DLL
0x00007ffec15c0000 - 0x00007ffec15c8000 	C:\Windows\System32\NSI.dll
0x00007ffeb83f0000 - 0x00007ffeb8407000 	C:\Windows\SYSTEM32\dhcpcsvc6.DLL
0x00007ffeb86b0000 - 0x00007ffeb86cd000 	C:\Windows\SYSTEM32\dhcpcsvc.DLL
0x00007ffebe1a0000 - 0x00007ffebe26b000 	C:\Windows\SYSTEM32\DNSAPI.dll
0x00007ffe713e0000 - 0x00007ffe71425000 	C:\Users\NGUYEN VAN TUAN\AppData\Local\Temp\jna--682492731\jna17630510945172138018.dll
0x00007ffec0ea0000 - 0x00007ffec0ea8000 	C:\Windows\System32\PSAPI.DLL

dbghelp: loaded successfully - version: 4.0.5 - missing functions: none
symbol engine: initialized successfully - sym options: 0x614 - pdb path: .;c:\Users\NGUYEN VAN TUAN\.vscode\extensions\redhat.java-1.28.1-win32-x64\jre\17.0.10-win32-x86_64\bin;C:\Windows\SYSTEM32;C:\Windows\WinSxS\amd64_microsoft.windows.common-controls_6595b64144ccf1df_6.0.19041.3636_none_60b6a03d71f818d5;c:\Users\NGUYEN VAN TUAN\.vscode\extensions\redhat.java-1.28.1-win32-x64\jre\17.0.10-win32-x86_64\bin\server;C:\Users\NGUYEN VAN TUAN\AppData\Roaming\Code\User\globalStorage\redhat.java\1.28.1\config_win\org.eclipse.equinox.launcher\org.eclipse.equinox.launcher.win32.win32.x86_64_1.2.900.v20240129-1338;C:\Users\NGUYEN VAN TUAN\AppData\Local\Temp\jna--682492731

VM Arguments:
jvm_args: --add-modules=ALL-SYSTEM --add-opens=java.base/java.util=ALL-UNNAMED --add-opens=java.base/java.lang=ALL-UNNAMED --add-opens=java.base/sun.nio.fs=ALL-UNNAMED -Declipse.application=org.eclipse.jdt.ls.core.id1 -Dosgi.bundles.defaultStartLevel=4 -Declipse.product=org.eclipse.jdt.ls.core.product -Djava.import.generatesMetadataFilesAtProjectRoot=false -DDetectVMInstallationsJob.disabled=true -Dfile.encoding=utf8 -XX:+UseParallelGC -XX:GCTimeRatio=4 -XX:AdaptiveSizePolicyWeight=90 -Dsun.zip.disableMemoryMapping=true -Xmx1G -Xms100m -Xlog:disable -javaagent:c:\Users\NGUYEN VAN TUAN\.vscode\extensions\redhat.java-1.28.1-win32-x64\lombok\lombok-1.18.31.jar -XX:+HeapDumpOnOutOfMemoryError -XX:HeapDumpPath=c:\Users\NGUYEN VAN TUAN\AppData\Roaming\Code\User\workspaceStorage\4b5897a0606a2f31151e3a4a2c6c4e0e\redhat.java -Daether.dependencyCollector.impl=bf 
java_command: c:\Users\NGUYEN VAN TUAN\.vscode\extensions\redhat.java-1.28.1-win32-x64\server\plugins\org.eclipse.equinox.launcher_1.6.700.v20231214-2017.jar -configuration c:\Users\NGUYEN VAN TUAN\AppData\Roaming\Code\User\globalStorage\redhat.java\1.28.1\config_win -data c:\Users\NGUYEN VAN TUAN\AppData\Roaming\Code\User\workspaceStorage\4b5897a0606a2f31151e3a4a2c6c4e0e\redhat.java\jdt_ws --stdio
java_class_path (initial): c:\Users\NGUYEN VAN TUAN\.vscode\extensions\redhat.java-1.28.1-win32-x64\server\plugins\org.eclipse.equinox.launcher_1.6.700.v20231214-2017.jar
Launcher Type: SUN_STANDARD

[Global flags]
    uintx AdaptiveSizePolicyWeight                 = 90                                        {product} {command line}
     intx CICompilerCount                          = 12                                        {product} {ergonomic}
    uintx GCTimeRatio                              = 4                                         {product} {command line}
     bool HeapDumpOnOutOfMemoryError               = true                                   {manageable} {command line}
    ccstr HeapDumpPath                             = c:\Users\NGUYEN VAN TUAN\AppData\Roaming\Code\User\workspaceStorage\4b5897a0606a2f31151e3a4a2c6c4e0e\redhat.java         {manageable} {command line}
   size_t InitialHeapSize                          = 104857600                                 {product} {command line}
   size_t MaxHeapSize                              = 1073741824                                {product} {command line}
   size_t MaxNewSize                               = 357564416                                 {product} {ergonomic}
   size_t MinHeapDeltaBytes                        = 524288                                    {product} {ergonomic}
   size_t MinHeapSize                              = 104857600                                 {product} {command line}
   size_t NewSize                                  = 34603008                                  {product} {ergonomic}
    uintx NonNMethodCodeHeapSize                   = 7602480                                {pd product} {ergonomic}
    uintx NonProfiledCodeHeapSize                  = 122027880                              {pd product} {ergonomic}
   size_t OldSize                                  = 70254592                                  {product} {ergonomic}
    uintx ProfiledCodeHeapSize                     = 122027880                              {pd product} {ergonomic}
    uintx ReservedCodeCacheSize                    = 251658240                              {pd product} {ergonomic}
     bool SegmentedCodeCache                       = true                                      {product} {ergonomic}
   size_t SoftMaxHeapSize                          = 1073741824                             {manageable} {ergonomic}
     bool UseCompressedClassPointers               = true                           {product lp64_product} {ergonomic}
     bool UseCompressedOops                        = true                           {product lp64_product} {ergonomic}
     bool UseLargePagesIndividualAllocation        = false                                  {pd product} {ergonomic}
     bool UseParallelGC                            = true                                      {product} {command line}

Logging:
Log output configuration:
 #0: stdout all=off uptime,level,tags
 #1: stderr all=off uptime,level,tags

Environment Variables:
PATH=C:\Program Files\Common Files\Oracle\Java\javapath;C:\Program Files (x86)\Common Files\Oracle\Java\javapath;C:\Windows\system32;C:\Windows;C:\Windows\System32\Wbem;C:\Windows\System32\WindowsPowerShell\v1.0\;C:\Windows\System32\OpenSSH\;C:\Program Files (x86)\NVIDIA Corporation\PhysX\Common;C:\Program Files\NVIDIA Corporation\NVIDIA NvDLISR;C:\Program Files (x86)\mingw-w64\i686-8.1.0-posix-dwarf-rt_v6-rev0\mingw32\bin;C:\Program Files\Java\java-1.8.0-openjdk-1.8.0.345-1.b01.redhat.windows.x86_64\java-1.8.0-openjdk-1.8.0.345-1.b01.redhat.windows.x86_64\bin;C:\Program Files\Java\java-1.8.0-openjdk-1.8.0.345-1.b01.redhat.windows.x86_64\java-1.8.0-openjdk-1.8.0.345-1.b01.redhat.windows.x86_64\bin;C:\Program Files\VisualSVN Server\bin;C:\Program Files\TortoiseSVN\bin;C:\Program Files\Git\cmd;C:\Program Files (x86)\Microsoft SQL Server\160\Tools\Binn\;C:\Program Files\Microsoft SQL Server\160\Tools\Binn\;C:\Program Files\Microsoft SQL Server\Client SDK\ODBC\170\Tools\Binn\;C:\Program Files\Microsoft SQL Server\160\DTS\Binn\;C:\Program Files (x86)\Microsoft SQL Server\160\DTS\Binn\;C:\Program Files\Azure Data Studio\bin;C:\Program Files\Microsoft SQL Server\150\Tools\Binn\;C:\Program Files\dotnet\;C:\Program Files\nodejs\;C:\Users\NGUYEN VAN TUAN\AppData\Local\Programs\Python\Python310\Scripts\;C:\Users\NGUYEN VAN TUAN\AppData\Local\Programs\Python\Python310\;C:\Users\NGUYEN VAN TUAN\AppData\Local\Programs\Python\Python311\Scripts\;C:\Users\NGUYEN VAN TUAN\AppData\Local\Programs\Python\Python311\;C:\Users\NGUYEN VAN TUAN\AppData\Local\Microsoft\WindowsApps;C:\Users\NGUYEN VAN TUAN\AppData\Local\GitHubDesktop\bin;C:\Users\NGUYEN VAN TUAN\AppData\Local\Programs\Microsoft VS Code\bin;C:\Users\NGUYEN VAN TUAN\.dotnet\tools;C:\Users\NGUYEN VAN TUAN\AppData\Roaming\npm
USERNAME=NGUYEN VAN TUAN
OS=Windows_NT
PROCESSOR_IDENTIFIER=AMD64 Family 23 Model 96 Stepping 1, AuthenticAMD
TMP=C:\Users\NGUYEN~1\AppData\Local\Temp
TEMP=C:\Users\NGUYEN~1\AppData\Local\Temp



Periodic native trim disabled


---------------  S Y S T E M  ---------------

OS:
 Windows 10 , 64 bit Build 19041 (10.0.19041.3636)
OS uptime: 0 days 2:19 hours

CPU: total 16 (initial active 16) (16 cores per cpu, 2 threads per core) family 23 model 96 stepping 1 microcode 0x0, cx8, cmov, fxsr, ht, mmx, 3dnowpref, sse, sse2, sse3, ssse3, sse4a, sse4.1, sse4.2, popcnt, lzcnt, tsc, tscinvbit, avx, avx2, aes, clmul, bmi1, bmi2, adx, sha, fma, vzeroupper, clflush, clflushopt
Processor Information for all 16 processors :
  Max Mhz: 2900, Current Mhz: 2900, Mhz Limit: 2900

Memory: 4k page, system-wide physical 15741M (912M free)
TotalPageFile size 19837M (AvailPageFile size 0M)
current process WorkingSet (physical memory assigned to process): 286M, peak: 286M
current process commit charge ("private bytes"): 360M, peak: 361M

vm_info: OpenJDK 64-Bit Server VM (17.0.10+7) for windows-amd64 JRE (17.0.10+7), built on Jan 16 2024 23:25:11 by "admin" with MS VC++ 16.10 / 16.11 (VS2019)

END.
